The system is: Darwin - 17.4.0 - x86_64
Compiling the C compiler identification source file "CMakeCCompilerId.c" succeeded.
Compiler: /Library/Developer/CommandLineTools/usr/bin/cc 
Build flags: 
Id flags:  

The output was:
0


Compilation of the C compiler identification source "CMakeCCompilerId.c" produced "a.out"

The C compiler identification is AppleClang, found in "/Users/chenyao/Documents/GitHub/beetles-carcar/build/CMakeFiles/3.10.0/CompilerIdC/a.out"

Compiling the CXX compiler identification source file "CMakeCXXCompilerId.cpp" succeeded.
Compiler: /Library/Developer/CommandLineTools/usr/bin/c++ 
Build flags: 
Id flags:  

The output was:
0


Compilation of the CXX compiler identification source "CMakeCXXCompilerId.cpp" produced "a.out"

The CXX compiler identification is AppleClang, found in "/Users/chenyao/Documents/GitHub/beetles-carcar/build/CMakeFiles/3.10.0/CompilerIdCXX/a.out"

Determining if the C compiler works passed with the following output:
Change Dir: /Users/chenyao/Documents/GitHub/beetles-carcar/build/CMakeFiles/CMakeTmp

Run Build Command:"/usr/bin/make" "cmTC_4cd3b/fast"
/Library/Developer/CommandLineTools/usr/bin/make -f CMakeFiles/cmTC_4cd3b.dir/build.make CMakeFiles/cmTC_4cd3b.dir/build
Building C object CMakeFiles/cmTC_4cd3b.dir/testCCompiler.c.o
/Library/Developer/CommandLineTools/usr/bin/cc    -o CMakeFiles/cmTC_4cd3b.dir/testCCompiler.c.o   -c /Users/chenyao/Documents/GitHub/beetles-carcar/build/CMakeFiles/CMakeTmp/testCCompiler.c
Linking C executable cmTC_4cd3b
/Library/Python/2.7/site-packages/cmake/data/CMake.app/Contents/bin/cmake -E cmake_link_script CMakeFiles/cmTC_4cd3b.dir/link.txt --verbose=1
/Library/Developer/CommandLineTools/usr/bin/cc   -Wl,-search_paths_first -Wl,-headerpad_max_install_names   CMakeFiles/cmTC_4cd3b.dir/testCCompiler.c.o  -o cmTC_4cd3b 


Detecting C compiler ABI info compiled with the following output:
Change Dir: /Users/chenyao/Documents/GitHub/beetles-carcar/build/CMakeFiles/CMakeTmp

Run Build Command:"/usr/bin/make" "cmTC_9229d/fast"
/Library/Developer/CommandLineTools/usr/bin/make -f CMakeFiles/cmTC_9229d.dir/build.make CMakeFiles/cmTC_9229d.dir/build
Building C object CMakeFiles/cmTC_9229d.dir/CMakeCCompilerABI.c.o
/Library/Developer/CommandLineTools/usr/bin/cc    -o CMakeFiles/cmTC_9229d.dir/CMakeCCompilerABI.c.o   -c /Library/Python/2.7/site-packages/cmake/data/CMake.app/Contents/share/cmake-3.10/Modules/CMakeCCompilerABI.c
Linking C executable cmTC_9229d
/Library/Python/2.7/site-packages/cmake/data/CMake.app/Contents/bin/cmake -E cmake_link_script CMakeFiles/cmTC_9229d.dir/link.txt --verbose=1
/Library/Developer/CommandLineTools/usr/bin/cc   -Wl,-search_paths_first -Wl,-headerpad_max_install_names  -v -Wl,-v CMakeFiles/cmTC_9229d.dir/CMakeCCompilerABI.c.o  -o cmTC_9229d 
Apple LLVM version 9.1.0 (clang-902.0.39.1)
Target: x86_64-apple-darwin17.4.0
Thread model: posix
InstalledDir: /Library/Developer/CommandLineTools/usr/bin
 "/Library/Developer/CommandLineTools/usr/bin/ld" -demangle -lto_library /Library/Developer/CommandLineTools/usr/lib/libLTO.dylib -dynamic -arch x86_64 -macosx_version_min 10.13.0 -o cmTC_9229d -search_paths_first -headerpad_max_install_names -v CMakeFiles/cmTC_9229d.dir/CMakeCCompilerABI.c.o -lSystem /Library/Developer/CommandLineTools/usr/lib/clang/9.1.0/lib/darwin/libclang_rt.osx.a
@(#)PROGRAM:ld  PROJECT:ld64-351.8
configured to support archs: armv6 armv7 armv7s arm64 i386 x86_64 x86_64h armv6m armv7k armv7m armv7em (tvOS)
Library search paths:
	/usr/lib
	/usr/local/lib
Framework search paths:
	/Library/Frameworks/
	/System/Library/Frameworks/


Parsed C implicit link information from above output:
  link line regex: [^( *|.*[/\])(ld|CMAKE_LINK_STARTFILE-NOTFOUND|([^/\]+-)?ld|collect2)[^/\]*( |$)]
  ignore line: [Change Dir: /Users/chenyao/Documents/GitHub/beetles-carcar/build/CMakeFiles/CMakeTmp]
  ignore line: []
  ignore line: [Run Build Command:"/usr/bin/make" "cmTC_9229d/fast"]
  ignore line: [/Library/Developer/CommandLineTools/usr/bin/make -f CMakeFiles/cmTC_9229d.dir/build.make CMakeFiles/cmTC_9229d.dir/build]
  ignore line: [Building C object CMakeFiles/cmTC_9229d.dir/CMakeCCompilerABI.c.o]
  ignore line: [/Library/Developer/CommandLineTools/usr/bin/cc    -o CMakeFiles/cmTC_9229d.dir/CMakeCCompilerABI.c.o   -c /Library/Python/2.7/site-packages/cmake/data/CMake.app/Contents/share/cmake-3.10/Modules/CMakeCCompilerABI.c]
  ignore line: [Linking C executable cmTC_9229d]
  ignore line: [/Library/Python/2.7/site-packages/cmake/data/CMake.app/Contents/bin/cmake -E cmake_link_script CMakeFiles/cmTC_9229d.dir/link.txt --verbose=1]
  ignore line: [/Library/Developer/CommandLineTools/usr/bin/cc   -Wl,-search_paths_first -Wl,-headerpad_max_install_names  -v -Wl,-v CMakeFiles/cmTC_9229d.dir/CMakeCCompilerABI.c.o  -o cmTC_9229d ]
  ignore line: [Apple LLVM version 9.1.0 (clang-902.0.39.1)]
  ignore line: [Target: x86_64-apple-darwin17.4.0]
  ignore line: [Thread model: posix]
  ignore line: [InstalledDir: /Library/Developer/CommandLineTools/usr/bin]
  link line: [ "/Library/Developer/CommandLineTools/usr/bin/ld" -demangle -lto_library /Library/Developer/CommandLineTools/usr/lib/libLTO.dylib -dynamic -arch x86_64 -macosx_version_min 10.13.0 -o cmTC_9229d -search_paths_first -headerpad_max_install_names -v CMakeFiles/cmTC_9229d.dir/CMakeCCompilerABI.c.o -lSystem /Library/Developer/CommandLineTools/usr/lib/clang/9.1.0/lib/darwin/libclang_rt.osx.a]
    arg [/Library/Developer/CommandLineTools/usr/bin/ld] ==> ignore
    arg [-demangle] ==> ignore
    arg [-lto_library] ==> ignore, skip following value
    arg [/Library/Developer/CommandLineTools/usr/lib/libLTO.dylib] ==> skip value of -lto_library
    arg [-dynamic] ==> ignore
    arg [-arch] ==> ignore
    arg [x86_64] ==> ignore
    arg [-macosx_version_min] ==> ignore
    arg [10.13.0] ==> ignore
    arg [-o] ==> ignore
    arg [cmTC_9229d] ==> ignore
    arg [-search_paths_first] ==> ignore
    arg [-headerpad_max_install_names] ==> ignore
    arg [-v] ==> ignore
    arg [CMakeFiles/cmTC_9229d.dir/CMakeCCompilerABI.c.o] ==> ignore
    arg [-lSystem] ==> lib [System]
    arg [/Library/Developer/CommandLineTools/usr/lib/clang/9.1.0/lib/darwin/libclang_rt.osx.a] ==> lib [/Library/Developer/CommandLineTools/usr/lib/clang/9.1.0/lib/darwin/libclang_rt.osx.a]
  Library search paths: [;/usr/lib;/usr/local/lib]
  Framework search paths: [;/Library/Frameworks/;/System/Library/Frameworks/]
  remove lib [System]
  remove lib [/Library/Developer/CommandLineTools/usr/lib/clang/9.1.0/lib/darwin/libclang_rt.osx.a]
  collapse library dir [/usr/lib] ==> [/usr/lib]
  collapse library dir [/usr/local/lib] ==> [/usr/local/lib]
  collapse framework dir [/Library/Frameworks/] ==> [/Library/Frameworks]
  collapse framework dir [/System/Library/Frameworks/] ==> [/System/Library/Frameworks]
  implicit libs: []
  implicit dirs: [/usr/lib;/usr/local/lib]
  implicit fwks: [/Library/Frameworks;/System/Library/Frameworks]




Detecting C [-std=c11] compiler features compiled with the following output:
Change Dir: /Users/chenyao/Documents/GitHub/beetles-carcar/build/CMakeFiles/CMakeTmp

Run Build Command:"/usr/bin/make" "cmTC_dab37/fast"
/Library/Developer/CommandLineTools/usr/bin/make -f CMakeFiles/cmTC_dab37.dir/build.make CMakeFiles/cmTC_dab37.dir/build
Building C object CMakeFiles/cmTC_dab37.dir/feature_tests.c.o
/Library/Developer/CommandLineTools/usr/bin/cc   -std=c11 -o CMakeFiles/cmTC_dab37.dir/feature_tests.c.o   -c /Users/chenyao/Documents/GitHub/beetles-carcar/build/CMakeFiles/feature_tests.c
Linking C executable cmTC_dab37
/Library/Python/2.7/site-packages/cmake/data/CMake.app/Contents/bin/cmake -E cmake_link_script CMakeFiles/cmTC_dab37.dir/link.txt --verbose=1
/Library/Developer/CommandLineTools/usr/bin/cc   -Wl,-search_paths_first -Wl,-headerpad_max_install_names   CMakeFiles/cmTC_dab37.dir/feature_tests.c.o  -o cmTC_dab37 


    Feature record: C_FEATURE:1c_function_prototypes
    Feature record: C_FEATURE:1c_restrict
    Feature record: C_FEATURE:1c_static_assert
    Feature record: C_FEATURE:1c_variadic_macros


Detecting C [-std=c99] compiler features compiled with the following output:
Change Dir: /Users/chenyao/Documents/GitHub/beetles-carcar/build/CMakeFiles/CMakeTmp

Run Build Command:"/usr/bin/make" "cmTC_f9355/fast"
/Library/Developer/CommandLineTools/usr/bin/make -f CMakeFiles/cmTC_f9355.dir/build.make CMakeFiles/cmTC_f9355.dir/build
Building C object CMakeFiles/cmTC_f9355.dir/feature_tests.c.o
/Library/Developer/CommandLineTools/usr/bin/cc   -std=c99 -o CMakeFiles/cmTC_f9355.dir/feature_tests.c.o   -c /Users/chenyao/Documents/GitHub/beetles-carcar/build/CMakeFiles/feature_tests.c
Linking C executable cmTC_f9355
/Library/Python/2.7/site-packages/cmake/data/CMake.app/Contents/bin/cmake -E cmake_link_script CMakeFiles/cmTC_f9355.dir/link.txt --verbose=1
/Library/Developer/CommandLineTools/usr/bin/cc   -Wl,-search_paths_first -Wl,-headerpad_max_install_names   CMakeFiles/cmTC_f9355.dir/feature_tests.c.o  -o cmTC_f9355 


    Feature record: C_FEATURE:1c_function_prototypes
    Feature record: C_FEATURE:1c_restrict
    Feature record: C_FEATURE:0c_static_assert
    Feature record: C_FEATURE:1c_variadic_macros


Detecting C [-std=c90] compiler features compiled with the following output:
Change Dir: /Users/chenyao/Documents/GitHub/beetles-carcar/build/CMakeFiles/CMakeTmp

Run Build Command:"/usr/bin/make" "cmTC_80499/fast"
/Library/Developer/CommandLineTools/usr/bin/make -f CMakeFiles/cmTC_80499.dir/build.make CMakeFiles/cmTC_80499.dir/build
Building C object CMakeFiles/cmTC_80499.dir/feature_tests.c.o
/Library/Developer/CommandLineTools/usr/bin/cc   -std=c90 -o CMakeFiles/cmTC_80499.dir/feature_tests.c.o   -c /Users/chenyao/Documents/GitHub/beetles-carcar/build/CMakeFiles/feature_tests.c
Linking C executable cmTC_80499
/Library/Python/2.7/site-packages/cmake/data/CMake.app/Contents/bin/cmake -E cmake_link_script CMakeFiles/cmTC_80499.dir/link.txt --verbose=1
/Library/Developer/CommandLineTools/usr/bin/cc   -Wl,-search_paths_first -Wl,-headerpad_max_install_names   CMakeFiles/cmTC_80499.dir/feature_tests.c.o  -o cmTC_80499 


    Feature record: C_FEATURE:1c_function_prototypes
    Feature record: C_FEATURE:0c_restrict
    Feature record: C_FEATURE:0c_static_assert
    Feature record: C_FEATURE:0c_variadic_macros
Determining if the CXX compiler works passed with the following output:
Change Dir: /Users/chenyao/Documents/GitHub/beetles-carcar/build/CMakeFiles/CMakeTmp

Run Build Command:"/usr/bin/make" "cmTC_08982/fast"
/Library/Developer/CommandLineTools/usr/bin/make -f CMakeFiles/cmTC_08982.dir/build.make CMakeFiles/cmTC_08982.dir/build
Building CXX object CMakeFiles/cmTC_08982.dir/testCXXCompiler.cxx.o
/Library/Developer/CommandLineTools/usr/bin/c++     -o CMakeFiles/cmTC_08982.dir/testCXXCompiler.cxx.o -c /Users/chenyao/Documents/GitHub/beetles-carcar/build/CMakeFiles/CMakeTmp/testCXXCompiler.cxx
Linking CXX executable cmTC_08982
/Library/Python/2.7/site-packages/cmake/data/CMake.app/Contents/bin/cmake -E cmake_link_script CMakeFiles/cmTC_08982.dir/link.txt --verbose=1
/Library/Developer/CommandLineTools/usr/bin/c++    -Wl,-search_paths_first -Wl,-headerpad_max_install_names   CMakeFiles/cmTC_08982.dir/testCXXCompiler.cxx.o  -o cmTC_08982 


Detecting CXX compiler ABI info compiled with the following output:
Change Dir: /Users/chenyao/Documents/GitHub/beetles-carcar/build/CMakeFiles/CMakeTmp

Run Build Command:"/usr/bin/make" "cmTC_69e9d/fast"
/Library/Developer/CommandLineTools/usr/bin/make -f CMakeFiles/cmTC_69e9d.dir/build.make CMakeFiles/cmTC_69e9d.dir/build
Building CXX object CMakeFiles/cmTC_69e9d.dir/CMakeCXXCompilerABI.cpp.o
/Library/Developer/CommandLineTools/usr/bin/c++     -o CMakeFiles/cmTC_69e9d.dir/CMakeCXXCompilerABI.cpp.o -c /Library/Python/2.7/site-packages/cmake/data/CMake.app/Contents/share/cmake-3.10/Modules/CMakeCXXCompilerABI.cpp
Linking CXX executable cmTC_69e9d
/Library/Python/2.7/site-packages/cmake/data/CMake.app/Contents/bin/cmake -E cmake_link_script CMakeFiles/cmTC_69e9d.dir/link.txt --verbose=1
/Library/Developer/CommandLineTools/usr/bin/c++    -Wl,-search_paths_first -Wl,-headerpad_max_install_names  -v -Wl,-v CMakeFiles/cmTC_69e9d.dir/CMakeCXXCompilerABI.cpp.o  -o cmTC_69e9d 
Apple LLVM version 9.1.0 (clang-902.0.39.1)
Target: x86_64-apple-darwin17.4.0
Thread model: posix
InstalledDir: /Library/Developer/CommandLineTools/usr/bin
 "/Library/Developer/CommandLineTools/usr/bin/ld" -demangle -lto_library /Library/Developer/CommandLineTools/usr/lib/libLTO.dylib -dynamic -arch x86_64 -macosx_version_min 10.13.0 -o cmTC_69e9d -search_paths_first -headerpad_max_install_names -v CMakeFiles/cmTC_69e9d.dir/CMakeCXXCompilerABI.cpp.o -lc++ -lSystem /Library/Developer/CommandLineTools/usr/lib/clang/9.1.0/lib/darwin/libclang_rt.osx.a
@(#)PROGRAM:ld  PROJECT:ld64-351.8
configured to support archs: armv6 armv7 armv7s arm64 i386 x86_64 x86_64h armv6m armv7k armv7m armv7em (tvOS)
Library search paths:
	/usr/lib
	/usr/local/lib
Framework search paths:
	/Library/Frameworks/
	/System/Library/Frameworks/


Parsed CXX implicit link information from above output:
  link line regex: [^( *|.*[/\])(ld|CMAKE_LINK_STARTFILE-NOTFOUND|([^/\]+-)?ld|collect2)[^/\]*( |$)]
  ignore line: [Change Dir: /Users/chenyao/Documents/GitHub/beetles-carcar/build/CMakeFiles/CMakeTmp]
  ignore line: []
  ignore line: [Run Build Command:"/usr/bin/make" "cmTC_69e9d/fast"]
  ignore line: [/Library/Developer/CommandLineTools/usr/bin/make -f CMakeFiles/cmTC_69e9d.dir/build.make CMakeFiles/cmTC_69e9d.dir/build]
  ignore line: [Building CXX object CMakeFiles/cmTC_69e9d.dir/CMakeCXXCompilerABI.cpp.o]
  ignore line: [/Library/Developer/CommandLineTools/usr/bin/c++     -o CMakeFiles/cmTC_69e9d.dir/CMakeCXXCompilerABI.cpp.o -c /Library/Python/2.7/site-packages/cmake/data/CMake.app/Contents/share/cmake-3.10/Modules/CMakeCXXCompilerABI.cpp]
  ignore line: [Linking CXX executable cmTC_69e9d]
  ignore line: [/Library/Python/2.7/site-packages/cmake/data/CMake.app/Contents/bin/cmake -E cmake_link_script CMakeFiles/cmTC_69e9d.dir/link.txt --verbose=1]
  ignore line: [/Library/Developer/CommandLineTools/usr/bin/c++    -Wl,-search_paths_first -Wl,-headerpad_max_install_names  -v -Wl,-v CMakeFiles/cmTC_69e9d.dir/CMakeCXXCompilerABI.cpp.o  -o cmTC_69e9d ]
  ignore line: [Apple LLVM version 9.1.0 (clang-902.0.39.1)]
  ignore line: [Target: x86_64-apple-darwin17.4.0]
  ignore line: [Thread model: posix]
  ignore line: [InstalledDir: /Library/Developer/CommandLineTools/usr/bin]
  link line: [ "/Library/Developer/CommandLineTools/usr/bin/ld" -demangle -lto_library /Library/Developer/CommandLineTools/usr/lib/libLTO.dylib -dynamic -arch x86_64 -macosx_version_min 10.13.0 -o cmTC_69e9d -search_paths_first -headerpad_max_install_names -v CMakeFiles/cmTC_69e9d.dir/CMakeCXXCompilerABI.cpp.o -lc++ -lSystem /Library/Developer/CommandLineTools/usr/lib/clang/9.1.0/lib/darwin/libclang_rt.osx.a]
    arg [/Library/Developer/CommandLineTools/usr/bin/ld] ==> ignore
    arg [-demangle] ==> ignore
    arg [-lto_library] ==> ignore, skip following value
    arg [/Library/Developer/CommandLineTools/usr/lib/libLTO.dylib] ==> skip value of -lto_library
    arg [-dynamic] ==> ignore
    arg [-arch] ==> ignore
    arg [x86_64] ==> ignore
    arg [-macosx_version_min] ==> ignore
    arg [10.13.0] ==> ignore
    arg [-o] ==> ignore
    arg [cmTC_69e9d] ==> ignore
    arg [-search_paths_first] ==> ignore
    arg [-headerpad_max_install_names] ==> ignore
    arg [-v] ==> ignore
    arg [CMakeFiles/cmTC_69e9d.dir/CMakeCXXCompilerABI.cpp.o] ==> ignore
    arg [-lc++] ==> lib [c++]
    arg [-lSystem] ==> lib [System]
    arg [/Library/Developer/CommandLineTools/usr/lib/clang/9.1.0/lib/darwin/libclang_rt.osx.a] ==> lib [/Library/Developer/CommandLineTools/usr/lib/clang/9.1.0/lib/darwin/libclang_rt.osx.a]
  Library search paths: [;/usr/lib;/usr/local/lib]
  Framework search paths: [;/Library/Frameworks/;/System/Library/Frameworks/]
  remove lib [System]
  remove lib [/Library/Developer/CommandLineTools/usr/lib/clang/9.1.0/lib/darwin/libclang_rt.osx.a]
  collapse library dir [/usr/lib] ==> [/usr/lib]
  collapse library dir [/usr/local/lib] ==> [/usr/local/lib]
  collapse framework dir [/Library/Frameworks/] ==> [/Library/Frameworks]
  collapse framework dir [/System/Library/Frameworks/] ==> [/System/Library/Frameworks]
  implicit libs: [c++]
  implicit dirs: [/usr/lib;/usr/local/lib]
  implicit fwks: [/Library/Frameworks;/System/Library/Frameworks]




Detecting CXX [-std=c++1z] compiler features compiled with the following output:
Change Dir: /Users/chenyao/Documents/GitHub/beetles-carcar/build/CMakeFiles/CMakeTmp

Run Build Command:"/usr/bin/make" "cmTC_a2764/fast"
/Library/Developer/CommandLineTools/usr/bin/make -f CMakeFiles/cmTC_a2764.dir/build.make CMakeFiles/cmTC_a2764.dir/build
Building CXX object CMakeFiles/cmTC_a2764.dir/feature_tests.cxx.o
/Library/Developer/CommandLineTools/usr/bin/c++    -std=c++1z -o CMakeFiles/cmTC_a2764.dir/feature_tests.cxx.o -c /Users/chenyao/Documents/GitHub/beetles-carcar/build/CMakeFiles/feature_tests.cxx
Linking CXX executable cmTC_a2764
/Library/Python/2.7/site-packages/cmake/data/CMake.app/Contents/bin/cmake -E cmake_link_script CMakeFiles/cmTC_a2764.dir/link.txt --verbose=1
/Library/Developer/CommandLineTools/usr/bin/c++    -Wl,-search_paths_first -Wl,-headerpad_max_install_names   CMakeFiles/cmTC_a2764.dir/feature_tests.cxx.o  -o cmTC_a2764 


    Feature record: CXX_FEATURE:1cxx_aggregate_default_initializers
    Feature record: CXX_FEATURE:1cxx_alias_templates
    Feature record: CXX_FEATURE:1cxx_alignas
    Feature record: CXX_FEATURE:1cxx_alignof
    Feature record: CXX_FEATURE:1cxx_attributes
    Feature record: CXX_FEATURE:1cxx_attribute_deprecated
    Feature record: CXX_FEATURE:1cxx_auto_type
    Feature record: CXX_FEATURE:1cxx_binary_literals
    Feature record: CXX_FEATURE:1cxx_constexpr
    Feature record: CXX_FEATURE:1cxx_contextual_conversions
    Feature record: CXX_FEATURE:1cxx_decltype
    Feature record: CXX_FEATURE:1cxx_decltype_auto
    Feature record: CXX_FEATURE:1cxx_decltype_incomplete_return_types
    Feature record: CXX_FEATURE:1cxx_default_function_template_args
    Feature record: CXX_FEATURE:1cxx_defaulted_functions
    Feature record: CXX_FEATURE:1cxx_defaulted_move_initializers
    Feature record: CXX_FEATURE:1cxx_delegating_constructors
    Feature record: CXX_FEATURE:1cxx_deleted_functions
    Feature record: CXX_FEATURE:1cxx_digit_separators
    Feature record: CXX_FEATURE:1cxx_enum_forward_declarations
    Feature record: CXX_FEATURE:1cxx_explicit_conversions
    Feature record: CXX_FEATURE:1cxx_extended_friend_declarations
    Feature record: CXX_FEATURE:1cxx_extern_templates
    Feature record: CXX_FEATURE:1cxx_final
    Feature record: CXX_FEATURE:1cxx_func_identifier
    Feature record: CXX_FEATURE:1cxx_generalized_initializers
    Feature record: CXX_FEATURE:1cxx_generic_lambdas
    Feature record: CXX_FEATURE:1cxx_inheriting_constructors
    Feature record: CXX_FEATURE:1cxx_inline_namespaces
    Feature record: CXX_FEATURE:1cxx_lambdas
    Feature record: CXX_FEATURE:1cxx_lambda_init_captures
    Feature record: CXX_FEATURE:1cxx_local_type_template_args
    Feature record: CXX_FEATURE:1cxx_long_long_type
    Feature record: CXX_FEATURE:1cxx_noexcept
    Feature record: CXX_FEATURE:1cxx_nonstatic_member_init
    Feature record: CXX_FEATURE:1cxx_nullptr
    Feature record: CXX_FEATURE:1cxx_override
    Feature record: CXX_FEATURE:1cxx_range_for
    Feature record: CXX_FEATURE:1cxx_raw_string_literals
    Feature record: CXX_FEATURE:1cxx_reference_qualified_functions
    Feature record: CXX_FEATURE:1cxx_relaxed_constexpr
    Feature record: CXX_FEATURE:1cxx_return_type_deduction
    Feature record: CXX_FEATURE:1cxx_right_angle_brackets
    Feature record: CXX_FEATURE:1cxx_rvalue_references
    Feature record: CXX_FEATURE:1cxx_sizeof_member
    Feature record: CXX_FEATURE:1cxx_static_assert
    Feature record: CXX_FEATURE:1cxx_strong_enums
    Feature record: CXX_FEATURE:1cxx_template_template_parameters
    Feature record: CXX_FEATURE:1cxx_thread_local
    Feature record: CXX_FEATURE:1cxx_trailing_return_types
    Feature record: CXX_FEATURE:1cxx_unicode_literals
    Feature record: CXX_FEATURE:1cxx_uniform_initialization
    Feature record: CXX_FEATURE:1cxx_unrestricted_unions
    Feature record: CXX_FEATURE:1cxx_user_literals
    Feature record: CXX_FEATURE:1cxx_variable_templates
    Feature record: CXX_FEATURE:1cxx_variadic_macros
    Feature record: CXX_FEATURE:1cxx_variadic_templates


Detecting CXX [-std=c++14] compiler features compiled with the following output:
Change Dir: /Users/chenyao/Documents/GitHub/beetles-carcar/build/CMakeFiles/CMakeTmp

Run Build Command:"/usr/bin/make" "cmTC_9e5f9/fast"
/Library/Developer/CommandLineTools/usr/bin/make -f CMakeFiles/cmTC_9e5f9.dir/build.make CMakeFiles/cmTC_9e5f9.dir/build
Building CXX object CMakeFiles/cmTC_9e5f9.dir/feature_tests.cxx.o
/Library/Developer/CommandLineTools/usr/bin/c++    -std=c++14 -o CMakeFiles/cmTC_9e5f9.dir/feature_tests.cxx.o -c /Users/chenyao/Documents/GitHub/beetles-carcar/build/CMakeFiles/feature_tests.cxx
Linking CXX executable cmTC_9e5f9
/Library/Python/2.7/site-packages/cmake/data/CMake.app/Contents/bin/cmake -E cmake_link_script CMakeFiles/cmTC_9e5f9.dir/link.txt --verbose=1
/Library/Developer/CommandLineTools/usr/bin/c++    -Wl,-search_paths_first -Wl,-headerpad_max_install_names   CMakeFiles/cmTC_9e5f9.dir/feature_tests.cxx.o  -o cmTC_9e5f9 


    Feature record: CXX_FEATURE:1cxx_aggregate_default_initializers
    Feature record: CXX_FEATURE:1cxx_alias_templates
    Feature record: CXX_FEATURE:1cxx_alignas
    Feature record: CXX_FEATURE:1cxx_alignof
    Feature record: CXX_FEATURE:1cxx_attributes
    Feature record: CXX_FEATURE:1cxx_attribute_deprecated
    Feature record: CXX_FEATURE:1cxx_auto_type
    Feature record: CXX_FEATURE:1cxx_binary_literals
    Feature record: CXX_FEATURE:1cxx_constexpr
    Feature record: CXX_FEATURE:1cxx_contextual_conversions
    Feature record: CXX_FEATURE:1cxx_decltype
    Feature record: CXX_FEATURE:1cxx_decltype_auto
    Feature record: CXX_FEATURE:1cxx_decltype_incomplete_return_types
    Feature record: CXX_FEATURE:1cxx_default_function_template_args
    Feature record: CXX_FEATURE:1cxx_defaulted_functions
    Feature record: CXX_FEATURE:1cxx_defaulted_move_initializers
    Feature record: CXX_FEATURE:1cxx_delegating_constructors
    Feature record: CXX_FEATURE:1cxx_deleted_functions
    Feature record: CXX_FEATURE:1cxx_digit_separators
    Feature record: CXX_FEATURE:1cxx_enum_forward_declarations
    Feature record: CXX_FEATURE:1cxx_explicit_conversions
    Feature record: CXX_FEATURE:1cxx_extended_friend_declarations
    Feature record: CXX_FEATURE:1cxx_extern_templates
    Feature record: CXX_FEATURE:1cxx_final
    Feature record: CXX_FEATURE:1cxx_func_identifier
    Feature record: CXX_FEATURE:1cxx_generalized_initializers
    Feature record: CXX_FEATURE:1cxx_generic_lambdas
    Feature record: CXX_FEATURE:1cxx_inheriting_constructors
    Feature record: CXX_FEATURE:1cxx_inline_namespaces
    Feature record: CXX_FEATURE:1cxx_lambdas
    Feature record: CXX_FEATURE:1cxx_lambda_init_captures
    Feature record: CXX_FEATURE:1cxx_local_type_template_args
    Feature record: CXX_FEATURE:1cxx_long_long_type
    Feature record: CXX_FEATURE:1cxx_noexcept
    Feature record: CXX_FEATURE:1cxx_nonstatic_member_init
    Feature record: CXX_FEATURE:1cxx_nullptr
    Feature record: CXX_FEATURE:1cxx_override
    Feature record: CXX_FEATURE:1cxx_range_for
    Feature record: CXX_FEATURE:1cxx_raw_string_literals
    Feature record: CXX_FEATURE:1cxx_reference_qualified_functions
    Feature record: CXX_FEATURE:1cxx_relaxed_constexpr
    Feature record: CXX_FEATURE:1cxx_return_type_deduction
    Feature record: CXX_FEATURE:1cxx_right_angle_brackets
    Feature record: CXX_FEATURE:1cxx_rvalue_references
    Feature record: CXX_FEATURE:1cxx_sizeof_member
    Feature record: CXX_FEATURE:1cxx_static_assert
    Feature record: CXX_FEATURE:1cxx_strong_enums
    Feature record: CXX_FEATURE:1cxx_template_template_parameters
    Feature record: CXX_FEATURE:1cxx_thread_local
    Feature record: CXX_FEATURE:1cxx_trailing_return_types
    Feature record: CXX_FEATURE:1cxx_unicode_literals
    Feature record: CXX_FEATURE:1cxx_uniform_initialization
    Feature record: CXX_FEATURE:1cxx_unrestricted_unions
    Feature record: CXX_FEATURE:1cxx_user_literals
    Feature record: CXX_FEATURE:1cxx_variable_templates
    Feature record: CXX_FEATURE:1cxx_variadic_macros
    Feature record: CXX_FEATURE:1cxx_variadic_templates


Detecting CXX [-std=c++11] compiler features compiled with the following output:
Change Dir: /Users/chenyao/Documents/GitHub/beetles-carcar/build/CMakeFiles/CMakeTmp

Run Build Command:"/usr/bin/make" "cmTC_f77b1/fast"
/Library/Developer/CommandLineTools/usr/bin/make -f CMakeFiles/cmTC_f77b1.dir/build.make CMakeFiles/cmTC_f77b1.dir/build
Building CXX object CMakeFiles/cmTC_f77b1.dir/feature_tests.cxx.o
/Library/Developer/CommandLineTools/usr/bin/c++    -std=c++11 -o CMakeFiles/cmTC_f77b1.dir/feature_tests.cxx.o -c /Users/chenyao/Documents/GitHub/beetles-carcar/build/CMakeFiles/feature_tests.cxx
Linking CXX executable cmTC_f77b1
/Library/Python/2.7/site-packages/cmake/data/CMake.app/Contents/bin/cmake -E cmake_link_script CMakeFiles/cmTC_f77b1.dir/link.txt --verbose=1
/Library/Developer/CommandLineTools/usr/bin/c++    -Wl,-search_paths_first -Wl,-headerpad_max_install_names   CMakeFiles/cmTC_f77b1.dir/feature_tests.cxx.o  -o cmTC_f77b1 


    Feature record: CXX_FEATURE:0cxx_aggregate_default_initializers
    Feature record: CXX_FEATURE:1cxx_alias_templates
    Feature record: CXX_FEATURE:1cxx_alignas
    Feature record: CXX_FEATURE:1cxx_alignof
    Feature record: CXX_FEATURE:1cxx_attributes
    Feature record: CXX_FEATURE:0cxx_attribute_deprecated
    Feature record: CXX_FEATURE:1cxx_auto_type
    Feature record: CXX_FEATURE:0cxx_binary_literals
    Feature record: CXX_FEATURE:1cxx_constexpr
    Feature record: CXX_FEATURE:0cxx_contextual_conversions
    Feature record: CXX_FEATURE:1cxx_decltype
    Feature record: CXX_FEATURE:0cxx_decltype_auto
    Feature record: CXX_FEATURE:1cxx_decltype_incomplete_return_types
    Feature record: CXX_FEATURE:1cxx_default_function_template_args
    Feature record: CXX_FEATURE:1cxx_defaulted_functions
    Feature record: CXX_FEATURE:1cxx_defaulted_move_initializers
    Feature record: CXX_FEATURE:1cxx_delegating_constructors
    Feature record: CXX_FEATURE:1cxx_deleted_functions
    Feature record: CXX_FEATURE:0cxx_digit_separators
    Feature record: CXX_FEATURE:1cxx_enum_forward_declarations
    Feature record: CXX_FEATURE:1cxx_explicit_conversions
    Feature record: CXX_FEATURE:1cxx_extended_friend_declarations
    Feature record: CXX_FEATURE:1cxx_extern_templates
    Feature record: CXX_FEATURE:1cxx_final
    Feature record: CXX_FEATURE:1cxx_func_identifier
    Feature record: CXX_FEATURE:1cxx_generalized_initializers
    Feature record: CXX_FEATURE:0cxx_generic_lambdas
    Feature record: CXX_FEATURE:1cxx_inheriting_constructors
    Feature record: CXX_FEATURE:1cxx_inline_namespaces
    Feature record: CXX_FEATURE:1cxx_lambdas
    Feature record: CXX_FEATURE:0cxx_lambda_init_captures
    Feature record: CXX_FEATURE:1cxx_local_type_template_args
    Feature record: CXX_FEATURE:1cxx_long_long_type
    Feature record: CXX_FEATURE:1cxx_noexcept
    Feature record: CXX_FEATURE:1cxx_nonstatic_member_init
    Feature record: CXX_FEATURE:1cxx_nullptr
    Feature record: CXX_FEATURE:1cxx_override
    Feature record: CXX_FEATURE:1cxx_range_for
    Feature record: CXX_FEATURE:1cxx_raw_string_literals
    Feature record: CXX_FEATURE:1cxx_reference_qualified_functions
    Feature record: CXX_FEATURE:0cxx_relaxed_constexpr
    Feature record: CXX_FEATURE:0cxx_return_type_deduction
    Feature record: CXX_FEATURE:1cxx_right_angle_brackets
    Feature record: CXX_FEATURE:1cxx_rvalue_references
    Feature record: CXX_FEATURE:1cxx_sizeof_member
    Feature record: CXX_FEATURE:1cxx_static_assert
    Feature record: CXX_FEATURE:1cxx_strong_enums
    Feature record: CXX_FEATURE:1cxx_template_template_parameters
    Feature record: CXX_FEATURE:1cxx_thread_local
    Feature record: CXX_FEATURE:1cxx_trailing_return_types
    Feature record: CXX_FEATURE:1cxx_unicode_literals
    Feature record: CXX_FEATURE:1cxx_uniform_initialization
    Feature record: CXX_FEATURE:1cxx_unrestricted_unions
    Feature record: CXX_FEATURE:1cxx_user_literals
    Feature record: CXX_FEATURE:0cxx_variable_templates
    Feature record: CXX_FEATURE:1cxx_variadic_macros
    Feature record: CXX_FEATURE:1cxx_variadic_templates


Detecting CXX [-std=c++98] compiler features compiled with the following output:
Change Dir: /Users/chenyao/Documents/GitHub/beetles-carcar/build/CMakeFiles/CMakeTmp

Run Build Command:"/usr/bin/make" "cmTC_30f4f/fast"
/Library/Developer/CommandLineTools/usr/bin/make -f CMakeFiles/cmTC_30f4f.dir/build.make CMakeFiles/cmTC_30f4f.dir/build
Building CXX object CMakeFiles/cmTC_30f4f.dir/feature_tests.cxx.o
/Library/Developer/CommandLineTools/usr/bin/c++    -std=c++98 -o CMakeFiles/cmTC_30f4f.dir/feature_tests.cxx.o -c /Users/chenyao/Documents/GitHub/beetles-carcar/build/CMakeFiles/feature_tests.cxx
Linking CXX executable cmTC_30f4f
/Library/Python/2.7/site-packages/cmake/data/CMake.app/Contents/bin/cmake -E cmake_link_script CMakeFiles/cmTC_30f4f.dir/link.txt --verbose=1
/Library/Developer/CommandLineTools/usr/bin/c++    -Wl,-search_paths_first -Wl,-headerpad_max_install_names   CMakeFiles/cmTC_30f4f.dir/feature_tests.cxx.o  -o cmTC_30f4f 


    Feature record: CXX_FEATURE:0cxx_aggregate_default_initializers
    Feature record: CXX_FEATURE:0cxx_alias_templates
    Feature record: CXX_FEATURE:0cxx_alignas
    Feature record: CXX_FEATURE:0cxx_alignof
    Feature record: CXX_FEATURE:0cxx_attributes
    Feature record: CXX_FEATURE:0cxx_attribute_deprecated
    Feature record: CXX_FEATURE:0cxx_auto_type
    Feature record: CXX_FEATURE:0cxx_binary_literals
    Feature record: CXX_FEATURE:0cxx_constexpr
    Feature record: CXX_FEATURE:0cxx_contextual_conversions
    Feature record: CXX_FEATURE:0cxx_decltype
    Feature record: CXX_FEATURE:0cxx_decltype_auto
    Feature record: CXX_FEATURE:0cxx_decltype_incomplete_return_types
    Feature record: CXX_FEATURE:0cxx_default_function_template_args
    Feature record: CXX_FEATURE:0cxx_defaulted_functions
    Feature record: CXX_FEATURE:0cxx_defaulted_move_initializers
    Feature record: CXX_FEATURE:0cxx_delegating_constructors
    Feature record: CXX_FEATURE:0cxx_deleted_functions
    Feature record: CXX_FEATURE:0cxx_digit_separators
    Feature record: CXX_FEATURE:0cxx_enum_forward_declarations
    Feature record: CXX_FEATURE:0cxx_explicit_conversions
    Feature record: CXX_FEATURE:0cxx_extended_friend_declarations
    Feature record: CXX_FEATURE:0cxx_extern_templates
    Feature record: CXX_FEATURE:0cxx_final
    Feature record: CXX_FEATURE:0cxx_func_identifier
    Feature record: CXX_FEATURE:0cxx_generalized_initializers
    Feature record: CXX_FEATURE:0cxx_generic_lambdas
    Feature record: CXX_FEATURE:0cxx_inheriting_constructors
    Feature record: CXX_FEATURE:0cxx_inline_namespaces
    Feature record: CXX_FEATURE:0cxx_lambdas
    Feature record: CXX_FEATURE:0cxx_lambda_init_captures
    Feature record: CXX_FEATURE:0cxx_local_type_template_args
    Feature record: CXX_FEATURE:0cxx_long_long_type
    Feature record: CXX_FEATURE:0cxx_noexcept
    Feature record: CXX_FEATURE:0cxx_nonstatic_member_init
    Feature record: CXX_FEATURE:0cxx_nullptr
    Feature record: CXX_FEATURE:0cxx_override
    Feature record: CXX_FEATURE:0cxx_range_for
    Feature record: CXX_FEATURE:0cxx_raw_string_literals
    Feature record: CXX_FEATURE:0cxx_reference_qualified_functions
    Feature record: CXX_FEATURE:0cxx_relaxed_constexpr
    Feature record: CXX_FEATURE:0cxx_return_type_deduction
    Feature record: CXX_FEATURE:0cxx_right_angle_brackets
    Feature record: CXX_FEATURE:0cxx_rvalue_references
    Feature record: CXX_FEATURE:0cxx_sizeof_member
    Feature record: CXX_FEATURE:0cxx_static_assert
    Feature record: CXX_FEATURE:0cxx_strong_enums
    Feature record: CXX_FEATURE:1cxx_template_template_parameters
    Feature record: CXX_FEATURE:0cxx_thread_local
    Feature record: CXX_FEATURE:0cxx_trailing_return_types
    Feature record: CXX_FEATURE:0cxx_unicode_literals
    Feature record: CXX_FEATURE:0cxx_uniform_initialization
    Feature record: CXX_FEATURE:0cxx_unrestricted_unions
    Feature record: CXX_FEATURE:0cxx_user_literals
    Feature record: CXX_FEATURE:0cxx_variable_templates
    Feature record: CXX_FEATURE:0cxx_variadic_macros
    Feature record: CXX_FEATURE:0cxx_variadic_templates
Determining if the include file pthread.h exists passed with the following output:
Change Dir: /Users/chenyao/Documents/GitHub/beetles-carcar/build/CMakeFiles/CMakeTmp

Run Build Command:"/usr/bin/make" "cmTC_07365/fast"
/Library/Developer/CommandLineTools/usr/bin/make -f CMakeFiles/cmTC_07365.dir/build.make CMakeFiles/cmTC_07365.dir/build
Building C object CMakeFiles/cmTC_07365.dir/CheckIncludeFile.c.o
/Library/Developer/CommandLineTools/usr/bin/cc    -o CMakeFiles/cmTC_07365.dir/CheckIncludeFile.c.o   -c /Users/chenyao/Documents/GitHub/beetles-carcar/build/CMakeFiles/CMakeTmp/CheckIncludeFile.c
Linking C executable cmTC_07365
/Library/Python/2.7/site-packages/cmake/data/CMake.app/Contents/bin/cmake -E cmake_link_script CMakeFiles/cmTC_07365.dir/link.txt --verbose=1
/Library/Developer/CommandLineTools/usr/bin/cc   -Wl,-search_paths_first -Wl,-headerpad_max_install_names   CMakeFiles/cmTC_07365.dir/CheckIncludeFile.c.o  -o cmTC_07365 


Determining if the pthread_create exist passed with the following output:
Change Dir: /Users/chenyao/Documents/GitHub/beetles-carcar/build/CMakeFiles/CMakeTmp

Run Build Command:"/usr/bin/make" "cmTC_a9cb8/fast"
/Library/Developer/CommandLineTools/usr/bin/make -f CMakeFiles/cmTC_a9cb8.dir/build.make CMakeFiles/cmTC_a9cb8.dir/build
Building C object CMakeFiles/cmTC_a9cb8.dir/CheckSymbolExists.c.o
/Library/Developer/CommandLineTools/usr/bin/cc    -o CMakeFiles/cmTC_a9cb8.dir/CheckSymbolExists.c.o   -c /Users/chenyao/Documents/GitHub/beetles-carcar/build/CMakeFiles/CMakeTmp/CheckSymbolExists.c
Linking C executable cmTC_a9cb8
/Library/Python/2.7/site-packages/cmake/data/CMake.app/Contents/bin/cmake -E cmake_link_script CMakeFiles/cmTC_a9cb8.dir/link.txt --verbose=1
/Library/Developer/CommandLineTools/usr/bin/cc   -Wl,-search_paths_first -Wl,-headerpad_max_install_names   CMakeFiles/cmTC_a9cb8.dir/CheckSymbolExists.c.o  -o cmTC_a9cb8 

File /Users/chenyao/Documents/GitHub/beetles-carcar/build/CMakeFiles/CMakeTmp/CheckSymbolExists.c:
/* */
#include <pthread.h>

int main(int argc, char** argv)
{
  (void)argv;
#ifndef pthread_create
  return ((int*)(&pthread_create))[argc];
#else
  (void)argc;
  return 0;
#endif
}

Determining if files alloca.h exist passed with the following output:
Change Dir: /Users/chenyao/Documents/GitHub/beetles-carcar/build/CMakeFiles/CMakeTmp

Run Build Command:"/usr/bin/make" "cmTC_1a129/fast"
/Library/Developer/CommandLineTools/usr/bin/make -f CMakeFiles/cmTC_1a129.dir/build.make CMakeFiles/cmTC_1a129.dir/build
Building C object CMakeFiles/cmTC_1a129.dir/CheckIncludeFiles.c.o
/Library/Developer/CommandLineTools/usr/bin/cc    -o CMakeFiles/cmTC_1a129.dir/CheckIncludeFiles.c.o   -c /Users/chenyao/Documents/GitHub/beetles-carcar/build/CMakeFiles/CMakeTmp/CheckIncludeFiles.c
Linking C executable cmTC_1a129
/Library/Python/2.7/site-packages/cmake/data/CMake.app/Contents/bin/cmake -E cmake_link_script CMakeFiles/cmTC_1a129.dir/link.txt --verbose=1
/Library/Developer/CommandLineTools/usr/bin/cc   -Wl,-search_paths_first -Wl,-headerpad_max_install_names   CMakeFiles/cmTC_1a129.dir/CheckIncludeFiles.c.o  -o cmTC_1a129 


Determining if files memory.h exist passed with the following output:
Change Dir: /Users/chenyao/Documents/GitHub/beetles-carcar/build/CMakeFiles/CMakeTmp

Run Build Command:"/usr/bin/make" "cmTC_e8eb3/fast"
/Library/Developer/CommandLineTools/usr/bin/make -f CMakeFiles/cmTC_e8eb3.dir/build.make CMakeFiles/cmTC_e8eb3.dir/build
Building C object CMakeFiles/cmTC_e8eb3.dir/CheckIncludeFiles.c.o
/Library/Developer/CommandLineTools/usr/bin/cc    -o CMakeFiles/cmTC_e8eb3.dir/CheckIncludeFiles.c.o   -c /Users/chenyao/Documents/GitHub/beetles-carcar/build/CMakeFiles/CMakeTmp/CheckIncludeFiles.c
Linking C executable cmTC_e8eb3
/Library/Python/2.7/site-packages/cmake/data/CMake.app/Contents/bin/cmake -E cmake_link_script CMakeFiles/cmTC_e8eb3.dir/link.txt --verbose=1
/Library/Developer/CommandLineTools/usr/bin/cc   -Wl,-search_paths_first -Wl,-headerpad_max_install_names   CMakeFiles/cmTC_e8eb3.dir/CheckIncludeFiles.c.o  -o cmTC_e8eb3 


Performing C++ SOURCE FILE Test HAVE_HEX_FP_CONSTANTS succeeded with the following output:
Change Dir: /Users/chenyao/Documents/GitHub/beetles-carcar/build/CMakeFiles/CMakeTmp

Run Build Command:"/usr/bin/make" "cmTC_f968a/fast"
/Library/Developer/CommandLineTools/usr/bin/make -f CMakeFiles/cmTC_f968a.dir/build.make CMakeFiles/cmTC_f968a.dir/build
Building CXX object CMakeFiles/cmTC_f968a.dir/src.cxx.o
/Library/Developer/CommandLineTools/usr/bin/c++    -std=c++11 -Wno-deprecated-register -DHAVE_HEX_FP_CONSTANTS   -o CMakeFiles/cmTC_f968a.dir/src.cxx.o -c /Users/chenyao/Documents/GitHub/beetles-carcar/build/CMakeFiles/CMakeTmp/src.cxx
Linking CXX executable cmTC_f968a
/Library/Python/2.7/site-packages/cmake/data/CMake.app/Contents/bin/cmake -E cmake_link_script CMakeFiles/cmTC_f968a.dir/link.txt --verbose=1
/Library/Developer/CommandLineTools/usr/bin/c++   -std=c++11 -Wno-deprecated-register -DHAVE_HEX_FP_CONSTANTS -Wl,-search_paths_first -Wl,-headerpad_max_install_names   CMakeFiles/cmTC_f968a.dir/src.cxx.o  -o cmTC_f968a 

Source file was:
int main() { float x = 0x1p-32f; }
Performing C++ SOURCE FILE Test HAVE_BINARY_CONSTANTS succeeded with the following output:
Change Dir: /Users/chenyao/Documents/GitHub/beetles-carcar/build/CMakeFiles/CMakeTmp

Run Build Command:"/usr/bin/make" "cmTC_912cf/fast"
/Library/Developer/CommandLineTools/usr/bin/make -f CMakeFiles/cmTC_912cf.dir/build.make CMakeFiles/cmTC_912cf.dir/build
Building CXX object CMakeFiles/cmTC_912cf.dir/src.cxx.o
/Library/Developer/CommandLineTools/usr/bin/c++    -std=c++11 -Wno-deprecated-register -DHAVE_BINARY_CONSTANTS   -o CMakeFiles/cmTC_912cf.dir/src.cxx.o -c /Users/chenyao/Documents/GitHub/beetles-carcar/build/CMakeFiles/CMakeTmp/src.cxx
Linking CXX executable cmTC_912cf
/Library/Python/2.7/site-packages/cmake/data/CMake.app/Contents/bin/cmake -E cmake_link_script CMakeFiles/cmTC_912cf.dir/link.txt --verbose=1
/Library/Developer/CommandLineTools/usr/bin/c++   -std=c++11 -Wno-deprecated-register -DHAVE_BINARY_CONSTANTS -Wl,-search_paths_first -Wl,-headerpad_max_install_names   CMakeFiles/cmTC_912cf.dir/src.cxx.o  -o cmTC_912cf 

Source file was:
int main() { int x = 0b101011; }
Performing C++ SOURCE FILE Test HAVE_CONSTEXPR succeeded with the following output:
Change Dir: /Users/chenyao/Documents/GitHub/beetles-carcar/build/CMakeFiles/CMakeTmp

Run Build Command:"/usr/bin/make" "cmTC_e1aaf/fast"
/Library/Developer/CommandLineTools/usr/bin/make -f CMakeFiles/cmTC_e1aaf.dir/build.make CMakeFiles/cmTC_e1aaf.dir/build
Building CXX object CMakeFiles/cmTC_e1aaf.dir/src.cxx.o
/Library/Developer/CommandLineTools/usr/bin/c++    -std=c++11 -Wno-deprecated-register -DHAVE_CONSTEXPR   -o CMakeFiles/cmTC_e1aaf.dir/src.cxx.o -c /Users/chenyao/Documents/GitHub/beetles-carcar/build/CMakeFiles/CMakeTmp/src.cxx
Linking CXX executable cmTC_e1aaf
/Library/Python/2.7/site-packages/cmake/data/CMake.app/Contents/bin/cmake -E cmake_link_script CMakeFiles/cmTC_e1aaf.dir/link.txt --verbose=1
/Library/Developer/CommandLineTools/usr/bin/c++   -std=c++11 -Wno-deprecated-register -DHAVE_CONSTEXPR -Wl,-search_paths_first -Wl,-headerpad_max_install_names   CMakeFiles/cmTC_e1aaf.dir/src.cxx.o  -o cmTC_e1aaf 

Source file was:
int main() { constexpr int x = 0; }
Performing C++ SOURCE FILE Test HAVE_ALIGNAS succeeded with the following output:
Change Dir: /Users/chenyao/Documents/GitHub/beetles-carcar/build/CMakeFiles/CMakeTmp

Run Build Command:"/usr/bin/make" "cmTC_68b85/fast"
/Library/Developer/CommandLineTools/usr/bin/make -f CMakeFiles/cmTC_68b85.dir/build.make CMakeFiles/cmTC_68b85.dir/build
Building CXX object CMakeFiles/cmTC_68b85.dir/src.cxx.o
/Library/Developer/CommandLineTools/usr/bin/c++    -std=c++11 -Wno-deprecated-register -DHAVE_ALIGNAS   -o CMakeFiles/cmTC_68b85.dir/src.cxx.o -c /Users/chenyao/Documents/GitHub/beetles-carcar/build/CMakeFiles/CMakeTmp/src.cxx
Linking CXX executable cmTC_68b85
/Library/Python/2.7/site-packages/cmake/data/CMake.app/Contents/bin/cmake -E cmake_link_script CMakeFiles/cmTC_68b85.dir/link.txt --verbose=1
/Library/Developer/CommandLineTools/usr/bin/c++   -std=c++11 -Wno-deprecated-register -DHAVE_ALIGNAS -Wl,-search_paths_first -Wl,-headerpad_max_install_names   CMakeFiles/cmTC_68b85.dir/src.cxx.o  -o cmTC_68b85 

Source file was:
struct alignas(32) Foo { char x; }; int main() { }
Performing C++ SOURCE FILE Test HAVE_ALIGNOF succeeded with the following output:
Change Dir: /Users/chenyao/Documents/GitHub/beetles-carcar/build/CMakeFiles/CMakeTmp

Run Build Command:"/usr/bin/make" "cmTC_c16fd/fast"
/Library/Developer/CommandLineTools/usr/bin/make -f CMakeFiles/cmTC_c16fd.dir/build.make CMakeFiles/cmTC_c16fd.dir/build
Building CXX object CMakeFiles/cmTC_c16fd.dir/src.cxx.o
/Library/Developer/CommandLineTools/usr/bin/c++    -std=c++11 -Wno-deprecated-register -DHAVE_ALIGNOF   -o CMakeFiles/cmTC_c16fd.dir/src.cxx.o -c /Users/chenyao/Documents/GitHub/beetles-carcar/build/CMakeFiles/CMakeTmp/src.cxx
Linking CXX executable cmTC_c16fd
/Library/Python/2.7/site-packages/cmake/data/CMake.app/Contents/bin/cmake -E cmake_link_script CMakeFiles/cmTC_c16fd.dir/link.txt --verbose=1
/Library/Developer/CommandLineTools/usr/bin/c++   -std=c++11 -Wno-deprecated-register -DHAVE_ALIGNOF -Wl,-search_paths_first -Wl,-headerpad_max_install_names   CMakeFiles/cmTC_c16fd.dir/src.cxx.o  -o cmTC_c16fd 

Source file was:
int main() { int x = alignof(double); }
Performing C++ SOURCE FILE Test HAVE_ITIMER succeeded with the following output:
Change Dir: /Users/chenyao/Documents/GitHub/beetles-carcar/build/CMakeFiles/CMakeTmp

Run Build Command:"/usr/bin/make" "cmTC_4d8d6/fast"
/Library/Developer/CommandLineTools/usr/bin/make -f CMakeFiles/cmTC_4d8d6.dir/build.make CMakeFiles/cmTC_4d8d6.dir/build
Building CXX object CMakeFiles/cmTC_4d8d6.dir/src.cxx.o
/Library/Developer/CommandLineTools/usr/bin/c++    -std=c++11 -Wno-deprecated-register -DHAVE_ITIMER   -o CMakeFiles/cmTC_4d8d6.dir/src.cxx.o -c /Users/chenyao/Documents/GitHub/beetles-carcar/build/CMakeFiles/CMakeTmp/src.cxx
Linking CXX executable cmTC_4d8d6
/Library/Python/2.7/site-packages/cmake/data/CMake.app/Contents/bin/cmake -E cmake_link_script CMakeFiles/cmTC_4d8d6.dir/link.txt --verbose=1
/Library/Developer/CommandLineTools/usr/bin/c++   -std=c++11 -Wno-deprecated-register -DHAVE_ITIMER -Wl,-search_paths_first -Wl,-headerpad_max_install_names   CMakeFiles/cmTC_4d8d6.dir/src.cxx.o  -o cmTC_4d8d6 

Return value: 1
Source file was:

#include <signal.h>
#include <string.h>
#include <sys/time.h>
void ReportProfileSample(int, siginfo_t *, void *) { }
int main() {
    struct sigaction sa;
    memset(&sa, 0, sizeof(sa));
    sa.sa_sigaction = ReportProfileSample;
    sa.sa_flags = SA_RESTART | SA_SIGINFO;
    sigemptyset(&sa.sa_mask);
    sigaction(SIGPROF, &sa, NULL);
    static struct itimerval timer;
    return setitimer(ITIMER_PROF, &timer, NULL) == 0 ? 0 : 1;
}

Performing C++ SOURCE FILE Test HAVE_NONPOD_IN_UNIONS succeeded with the following output:
Change Dir: /Users/chenyao/Documents/GitHub/beetles-carcar/build/CMakeFiles/CMakeTmp

Run Build Command:"/usr/bin/make" "cmTC_2938d/fast"
/Library/Developer/CommandLineTools/usr/bin/make -f CMakeFiles/cmTC_2938d.dir/build.make CMakeFiles/cmTC_2938d.dir/build
Building CXX object CMakeFiles/cmTC_2938d.dir/src.cxx.o
/Library/Developer/CommandLineTools/usr/bin/c++    -std=c++11 -Wno-deprecated-register -DHAVE_NONPOD_IN_UNIONS   -o CMakeFiles/cmTC_2938d.dir/src.cxx.o -c /Users/chenyao/Documents/GitHub/beetles-carcar/build/CMakeFiles/CMakeTmp/src.cxx
Linking CXX executable cmTC_2938d
/Library/Python/2.7/site-packages/cmake/data/CMake.app/Contents/bin/cmake -E cmake_link_script CMakeFiles/cmTC_2938d.dir/link.txt --verbose=1
/Library/Developer/CommandLineTools/usr/bin/c++   -std=c++11 -Wno-deprecated-register -DHAVE_NONPOD_IN_UNIONS -Wl,-search_paths_first -Wl,-headerpad_max_install_names   CMakeFiles/cmTC_2938d.dir/src.cxx.o  -o cmTC_2938d 

Source file was:

class Bar { public: Bar() { x = 0; } float x; };
struct Foo { union { int x[10]; Bar b; }; Foo() : b() { } };
int main() { Foo f; }

Performing C++ SOURCE FILE Test HAVE_MMAP succeeded with the following output:
Change Dir: /Users/chenyao/Documents/GitHub/beetles-carcar/build/CMakeFiles/CMakeTmp

Run Build Command:"/usr/bin/make" "cmTC_45870/fast"
/Library/Developer/CommandLineTools/usr/bin/make -f CMakeFiles/cmTC_45870.dir/build.make CMakeFiles/cmTC_45870.dir/build
Building CXX object CMakeFiles/cmTC_45870.dir/src.cxx.o
/Library/Developer/CommandLineTools/usr/bin/c++    -std=c++11 -Wno-deprecated-register -DHAVE_MMAP   -o CMakeFiles/cmTC_45870.dir/src.cxx.o -c /Users/chenyao/Documents/GitHub/beetles-carcar/build/CMakeFiles/CMakeTmp/src.cxx
Linking CXX executable cmTC_45870
/Library/Python/2.7/site-packages/cmake/data/CMake.app/Contents/bin/cmake -E cmake_link_script CMakeFiles/cmTC_45870.dir/link.txt --verbose=1
/Library/Developer/CommandLineTools/usr/bin/c++   -std=c++11 -Wno-deprecated-register -DHAVE_MMAP -Wl,-search_paths_first -Wl,-headerpad_max_install_names   CMakeFiles/cmTC_45870.dir/src.cxx.o  -o cmTC_45870 

Source file was:

#include <fcntl.h>
#include <sys/mman.h>
#include <sys/stat.h>
#include <sys/types.h>
int main() {
   int fd = open("foo", O_RDONLY);
   struct stat s;
   fstat(fd, &s);
   size_t len = s.st_size;
   void *ptr = mmap(0, len, PROT_READ, MAP_FILE | MAP_SHARED, fd, 0);
   munmap(ptr, len);   
}

Performing C++ SOURCE FILE Test HAVE_ATTRIBUTE_NOINLINE succeeded with the following output:
Change Dir: /Users/chenyao/Documents/GitHub/beetles-carcar/build/CMakeFiles/CMakeTmp

Run Build Command:"/usr/bin/make" "cmTC_b4fe0/fast"
/Library/Developer/CommandLineTools/usr/bin/make -f CMakeFiles/cmTC_b4fe0.dir/build.make CMakeFiles/cmTC_b4fe0.dir/build
Building CXX object CMakeFiles/cmTC_b4fe0.dir/src.cxx.o
/Library/Developer/CommandLineTools/usr/bin/c++    -std=c++11 -Wno-deprecated-register -DHAVE_ATTRIBUTE_NOINLINE   -o CMakeFiles/cmTC_b4fe0.dir/src.cxx.o -c /Users/chenyao/Documents/GitHub/beetles-carcar/build/CMakeFiles/CMakeTmp/src.cxx
Linking CXX executable cmTC_b4fe0
/Library/Python/2.7/site-packages/cmake/data/CMake.app/Contents/bin/cmake -E cmake_link_script CMakeFiles/cmTC_b4fe0.dir/link.txt --verbose=1
/Library/Developer/CommandLineTools/usr/bin/c++   -std=c++11 -Wno-deprecated-register -DHAVE_ATTRIBUTE_NOINLINE -Wl,-search_paths_first -Wl,-headerpad_max_install_names   CMakeFiles/cmTC_b4fe0.dir/src.cxx.o  -o cmTC_b4fe0 

Source file was:
__attribute__((noinline)) void foo() { }
int main() { }
Performing C++ SOURCE FILE Test HAVE_POSIX_MEMALIGN succeeded with the following output:
Change Dir: /Users/chenyao/Documents/GitHub/beetles-carcar/build/CMakeFiles/CMakeTmp

Run Build Command:"/usr/bin/make" "cmTC_bc912/fast"
/Library/Developer/CommandLineTools/usr/bin/make -f CMakeFiles/cmTC_bc912.dir/build.make CMakeFiles/cmTC_bc912.dir/build
Building CXX object CMakeFiles/cmTC_bc912.dir/src.cxx.o
/Library/Developer/CommandLineTools/usr/bin/c++    -std=c++11 -Wno-deprecated-register -DHAVE_POSIX_MEMALIGN   -o CMakeFiles/cmTC_bc912.dir/src.cxx.o -c /Users/chenyao/Documents/GitHub/beetles-carcar/build/CMakeFiles/CMakeTmp/src.cxx
Linking CXX executable cmTC_bc912
/Library/Python/2.7/site-packages/cmake/data/CMake.app/Contents/bin/cmake -E cmake_link_script CMakeFiles/cmTC_bc912.dir/link.txt --verbose=1
/Library/Developer/CommandLineTools/usr/bin/c++   -std=c++11 -Wno-deprecated-register -DHAVE_POSIX_MEMALIGN -Wl,-search_paths_first -Wl,-headerpad_max_install_names   CMakeFiles/cmTC_bc912.dir/src.cxx.o  -o cmTC_bc912 

Source file was:

#include <stdlib.h>
int main() {
  void *ptr;
  posix_memalign(&ptr, 32, 1024);
} 
Performing C++ SOURCE FILE Test HAVE_THREAD_LOCAL succeeded with the following output:
Change Dir: /Users/chenyao/Documents/GitHub/beetles-carcar/build/CMakeFiles/CMakeTmp

Run Build Command:"/usr/bin/make" "cmTC_4b84c/fast"
/Library/Developer/CommandLineTools/usr/bin/make -f CMakeFiles/cmTC_4b84c.dir/build.make CMakeFiles/cmTC_4b84c.dir/build
Building CXX object CMakeFiles/cmTC_4b84c.dir/src.cxx.o
/Library/Developer/CommandLineTools/usr/bin/c++    -std=c++11 -Wno-deprecated-register -DHAVE_THREAD_LOCAL   -o CMakeFiles/cmTC_4b84c.dir/src.cxx.o -c /Users/chenyao/Documents/GitHub/beetles-carcar/build/CMakeFiles/CMakeTmp/src.cxx
Linking CXX executable cmTC_4b84c
/Library/Python/2.7/site-packages/cmake/data/CMake.app/Contents/bin/cmake -E cmake_link_script CMakeFiles/cmTC_4b84c.dir/link.txt --verbose=1
/Library/Developer/CommandLineTools/usr/bin/c++   -std=c++11 -Wno-deprecated-register -DHAVE_THREAD_LOCAL -Wl,-search_paths_first -Wl,-headerpad_max_install_names   CMakeFiles/cmTC_4b84c.dir/src.cxx.o  -o cmTC_4b84c 

Source file was:

#ifdef __CYGWIN__
// Hack to work around https://gcc.gnu.org/bugzilla/show_bug.cgi?id=64697
#error "No thread_local on cygwin"
#endif  // __CYGWIN__
thread_local int x; int main() { }

Performing C++ SOURCE FILE Test HAVE___THREAD succeeded with the following output:
Change Dir: /Users/chenyao/Documents/GitHub/beetles-carcar/build/CMakeFiles/CMakeTmp

Run Build Command:"/usr/bin/make" "cmTC_6c931/fast"
/Library/Developer/CommandLineTools/usr/bin/make -f CMakeFiles/cmTC_6c931.dir/build.make CMakeFiles/cmTC_6c931.dir/build
Building CXX object CMakeFiles/cmTC_6c931.dir/src.cxx.o
/Library/Developer/CommandLineTools/usr/bin/c++    -std=c++11 -Wno-deprecated-register -DHAVE___THREAD   -o CMakeFiles/cmTC_6c931.dir/src.cxx.o -c /Users/chenyao/Documents/GitHub/beetles-carcar/build/CMakeFiles/CMakeTmp/src.cxx
Linking CXX executable cmTC_6c931
/Library/Python/2.7/site-packages/cmake/data/CMake.app/Contents/bin/cmake -E cmake_link_script CMakeFiles/cmTC_6c931.dir/link.txt --verbose=1
/Library/Developer/CommandLineTools/usr/bin/c++   -std=c++11 -Wno-deprecated-register -DHAVE___THREAD -Wl,-search_paths_first -Wl,-headerpad_max_install_names   CMakeFiles/cmTC_6c931.dir/src.cxx.o  -o cmTC_6c931 

Source file was:

__thread int x; int main() { }

Performing C++ SOURCE FILE Test HAVE_GCC_INLINE_ASM_AVX succeeded with the following output:
Change Dir: /Users/chenyao/Documents/GitHub/beetles-carcar/build/CMakeFiles/CMakeTmp

Run Build Command:"/usr/bin/make" "cmTC_bda34/fast"
/Library/Developer/CommandLineTools/usr/bin/make -f CMakeFiles/cmTC_bda34.dir/build.make CMakeFiles/cmTC_bda34.dir/build
Building CXX object CMakeFiles/cmTC_bda34.dir/src.cxx.o
/Library/Developer/CommandLineTools/usr/bin/c++    -std=c++11 -Wno-deprecated-register -Wno-switch -Wno-tautological-compare -Wno-deprecated-register -DHAVE_GCC_INLINE_ASM_AVX   -o CMakeFiles/cmTC_bda34.dir/src.cxx.o -c /Users/chenyao/Documents/GitHub/beetles-carcar/build/CMakeFiles/CMakeTmp/src.cxx
Linking CXX executable cmTC_bda34
/Library/Python/2.7/site-packages/cmake/data/CMake.app/Contents/bin/cmake -E cmake_link_script CMakeFiles/cmTC_bda34.dir/link.txt --verbose=1
/Library/Developer/CommandLineTools/usr/bin/c++   -std=c++11 -Wno-deprecated-register -Wno-switch -Wno-tautological-compare -Wno-deprecated-register -DHAVE_GCC_INLINE_ASM_AVX -Wl,-search_paths_first -Wl,-headerpad_max_install_names   CMakeFiles/cmTC_bda34.dir/src.cxx.o  -o cmTC_bda34 

Source file was:

	int main()
	{
	 #if defined(__GNUC__) && defined(__SSE2__) 
		 int n   = 0;
		 int eax = 0;
		 int edx = 0;
		 __asm__(
			 "xgetbv     ;"
			 "vzeroupper  "
			 : "=a"(eax), "=d"(edx) : "c"(n) : );
	 #else
		 #error No GCC style inline asm supported for AVX instructions
	 #endif
	}
	
Performing C++ SOURCE FILE Test HAVE_SYSCONF_NPROCESSORS_ONLN succeeded with the following output:
Change Dir: /Users/chenyao/Documents/GitHub/beetles-carcar/build/CMakeFiles/CMakeTmp

Run Build Command:"/usr/bin/make" "cmTC_90669/fast"
/Library/Developer/CommandLineTools/usr/bin/make -f CMakeFiles/cmTC_90669.dir/build.make CMakeFiles/cmTC_90669.dir/build
Building CXX object CMakeFiles/cmTC_90669.dir/src.cxx.o
/Library/Developer/CommandLineTools/usr/bin/c++    -std=c++11 -Wno-deprecated-register -Wno-switch -Wno-tautological-compare -Wno-deprecated-register -DHAVE_SYSCONF_NPROCESSORS_ONLN   -o CMakeFiles/cmTC_90669.dir/src.cxx.o -c /Users/chenyao/Documents/GitHub/beetles-carcar/build/CMakeFiles/CMakeTmp/src.cxx
Linking CXX executable cmTC_90669
/Library/Python/2.7/site-packages/cmake/data/CMake.app/Contents/bin/cmake -E cmake_link_script CMakeFiles/cmTC_90669.dir/link.txt --verbose=1
/Library/Developer/CommandLineTools/usr/bin/c++   -std=c++11 -Wno-deprecated-register -Wno-switch -Wno-tautological-compare -Wno-deprecated-register -DHAVE_SYSCONF_NPROCESSORS_ONLN -Wl,-search_paths_first -Wl,-headerpad_max_install_names   CMakeFiles/cmTC_90669.dir/src.cxx.o  -o cmTC_90669 

Source file was:

    #include <unistd.h>
    int main()
    {
        sysconf(_SC_NPROCESSORS_ONLN);
    }
    
Determining if the include file dlfcn.h exists passed with the following output:
Change Dir: /Users/chenyao/Documents/GitHub/beetles-carcar/build/CMakeFiles/CMakeTmp

Run Build Command:"/usr/bin/make" "cmTC_f062e/fast"
/Library/Developer/CommandLineTools/usr/bin/make -f CMakeFiles/cmTC_f062e.dir/build.make CMakeFiles/cmTC_f062e.dir/build
Building C object CMakeFiles/cmTC_f062e.dir/CheckIncludeFile.c.o
/Library/Developer/CommandLineTools/usr/bin/cc    -o CMakeFiles/cmTC_f062e.dir/CheckIncludeFile.c.o   -c /Users/chenyao/Documents/GitHub/beetles-carcar/build/CMakeFiles/CMakeTmp/CheckIncludeFile.c
Linking C executable cmTC_f062e
/Library/Python/2.7/site-packages/cmake/data/CMake.app/Contents/bin/cmake -E cmake_link_script CMakeFiles/cmTC_f062e.dir/link.txt --verbose=1
/Library/Developer/CommandLineTools/usr/bin/cc   -Wl,-search_paths_first -Wl,-headerpad_max_install_names   CMakeFiles/cmTC_f062e.dir/CheckIncludeFile.c.o  -o cmTC_f062e 


Determining if the include file execinfo.h exists passed with the following output:
Change Dir: /Users/chenyao/Documents/GitHub/beetles-carcar/build/CMakeFiles/CMakeTmp

Run Build Command:"/usr/bin/make" "cmTC_2fa8b/fast"
/Library/Developer/CommandLineTools/usr/bin/make -f CMakeFiles/cmTC_2fa8b.dir/build.make CMakeFiles/cmTC_2fa8b.dir/build
Building C object CMakeFiles/cmTC_2fa8b.dir/CheckIncludeFile.c.o
/Library/Developer/CommandLineTools/usr/bin/cc    -o CMakeFiles/cmTC_2fa8b.dir/CheckIncludeFile.c.o   -c /Users/chenyao/Documents/GitHub/beetles-carcar/build/CMakeFiles/CMakeTmp/CheckIncludeFile.c
Linking C executable cmTC_2fa8b
/Library/Python/2.7/site-packages/cmake/data/CMake.app/Contents/bin/cmake -E cmake_link_script CMakeFiles/cmTC_2fa8b.dir/link.txt --verbose=1
/Library/Developer/CommandLineTools/usr/bin/cc   -Wl,-search_paths_first -Wl,-headerpad_max_install_names   CMakeFiles/cmTC_2fa8b.dir/CheckIncludeFile.c.o  -o cmTC_2fa8b 


Determining if the include file glob.h exists passed with the following output:
Change Dir: /Users/chenyao/Documents/GitHub/beetles-carcar/build/CMakeFiles/CMakeTmp

Run Build Command:"/usr/bin/make" "cmTC_fea5f/fast"
/Library/Developer/CommandLineTools/usr/bin/make -f CMakeFiles/cmTC_fea5f.dir/build.make CMakeFiles/cmTC_fea5f.dir/build
Building C object CMakeFiles/cmTC_fea5f.dir/CheckIncludeFile.c.o
/Library/Developer/CommandLineTools/usr/bin/cc    -o CMakeFiles/cmTC_fea5f.dir/CheckIncludeFile.c.o   -c /Users/chenyao/Documents/GitHub/beetles-carcar/build/CMakeFiles/CMakeTmp/CheckIncludeFile.c
Linking C executable cmTC_fea5f
/Library/Python/2.7/site-packages/cmake/data/CMake.app/Contents/bin/cmake -E cmake_link_script CMakeFiles/cmTC_fea5f.dir/link.txt --verbose=1
/Library/Developer/CommandLineTools/usr/bin/cc   -Wl,-search_paths_first -Wl,-headerpad_max_install_names   CMakeFiles/cmTC_fea5f.dir/CheckIncludeFile.c.o  -o cmTC_fea5f 


Determining if the include file inttypes.h exists passed with the following output:
Change Dir: /Users/chenyao/Documents/GitHub/beetles-carcar/build/CMakeFiles/CMakeTmp

Run Build Command:"/usr/bin/make" "cmTC_5fa17/fast"
/Library/Developer/CommandLineTools/usr/bin/make -f CMakeFiles/cmTC_5fa17.dir/build.make CMakeFiles/cmTC_5fa17.dir/build
Building C object CMakeFiles/cmTC_5fa17.dir/CheckIncludeFile.c.o
/Library/Developer/CommandLineTools/usr/bin/cc    -o CMakeFiles/cmTC_5fa17.dir/CheckIncludeFile.c.o   -c /Users/chenyao/Documents/GitHub/beetles-carcar/build/CMakeFiles/CMakeTmp/CheckIncludeFile.c
Linking C executable cmTC_5fa17
/Library/Python/2.7/site-packages/cmake/data/CMake.app/Contents/bin/cmake -E cmake_link_script CMakeFiles/cmTC_5fa17.dir/link.txt --verbose=1
/Library/Developer/CommandLineTools/usr/bin/cc   -Wl,-search_paths_first -Wl,-headerpad_max_install_names   CMakeFiles/cmTC_5fa17.dir/CheckIncludeFile.c.o  -o cmTC_5fa17 


Determining if the include file libunwind.h exists passed with the following output:
Change Dir: /Users/chenyao/Documents/GitHub/beetles-carcar/build/CMakeFiles/CMakeTmp

Run Build Command:"/usr/bin/make" "cmTC_7321e/fast"
/Library/Developer/CommandLineTools/usr/bin/make -f CMakeFiles/cmTC_7321e.dir/build.make CMakeFiles/cmTC_7321e.dir/build
Building C object CMakeFiles/cmTC_7321e.dir/CheckIncludeFile.c.o
/Library/Developer/CommandLineTools/usr/bin/cc    -o CMakeFiles/cmTC_7321e.dir/CheckIncludeFile.c.o   -c /Users/chenyao/Documents/GitHub/beetles-carcar/build/CMakeFiles/CMakeTmp/CheckIncludeFile.c
Linking C executable cmTC_7321e
/Library/Python/2.7/site-packages/cmake/data/CMake.app/Contents/bin/cmake -E cmake_link_script CMakeFiles/cmTC_7321e.dir/link.txt --verbose=1
/Library/Developer/CommandLineTools/usr/bin/cc   -Wl,-search_paths_first -Wl,-headerpad_max_install_names   CMakeFiles/cmTC_7321e.dir/CheckIncludeFile.c.o  -o cmTC_7321e 


Determining if the include file pwd.h exists passed with the following output:
Change Dir: /Users/chenyao/Documents/GitHub/beetles-carcar/build/CMakeFiles/CMakeTmp

Run Build Command:"/usr/bin/make" "cmTC_cc9a0/fast"
/Library/Developer/CommandLineTools/usr/bin/make -f CMakeFiles/cmTC_cc9a0.dir/build.make CMakeFiles/cmTC_cc9a0.dir/build
Building C object CMakeFiles/cmTC_cc9a0.dir/CheckIncludeFile.c.o
/Library/Developer/CommandLineTools/usr/bin/cc    -o CMakeFiles/cmTC_cc9a0.dir/CheckIncludeFile.c.o   -c /Users/chenyao/Documents/GitHub/beetles-carcar/build/CMakeFiles/CMakeTmp/CheckIncludeFile.c
Linking C executable cmTC_cc9a0
/Library/Python/2.7/site-packages/cmake/data/CMake.app/Contents/bin/cmake -E cmake_link_script CMakeFiles/cmTC_cc9a0.dir/link.txt --verbose=1
/Library/Developer/CommandLineTools/usr/bin/cc   -Wl,-search_paths_first -Wl,-headerpad_max_install_names   CMakeFiles/cmTC_cc9a0.dir/CheckIncludeFile.c.o  -o cmTC_cc9a0 


Determining if the include file stdint.h exists passed with the following output:
Change Dir: /Users/chenyao/Documents/GitHub/beetles-carcar/build/CMakeFiles/CMakeTmp

Run Build Command:"/usr/bin/make" "cmTC_cf1ff/fast"
/Library/Developer/CommandLineTools/usr/bin/make -f CMakeFiles/cmTC_cf1ff.dir/build.make CMakeFiles/cmTC_cf1ff.dir/build
Building C object CMakeFiles/cmTC_cf1ff.dir/CheckIncludeFile.c.o
/Library/Developer/CommandLineTools/usr/bin/cc    -o CMakeFiles/cmTC_cf1ff.dir/CheckIncludeFile.c.o   -c /Users/chenyao/Documents/GitHub/beetles-carcar/build/CMakeFiles/CMakeTmp/CheckIncludeFile.c
Linking C executable cmTC_cf1ff
/Library/Python/2.7/site-packages/cmake/data/CMake.app/Contents/bin/cmake -E cmake_link_script CMakeFiles/cmTC_cf1ff.dir/link.txt --verbose=1
/Library/Developer/CommandLineTools/usr/bin/cc   -Wl,-search_paths_first -Wl,-headerpad_max_install_names   CMakeFiles/cmTC_cf1ff.dir/CheckIncludeFile.c.o  -o cmTC_cf1ff 


Determining if the include file stdlib.h exists passed with the following output:
Change Dir: /Users/chenyao/Documents/GitHub/beetles-carcar/build/CMakeFiles/CMakeTmp

Run Build Command:"/usr/bin/make" "cmTC_92972/fast"
/Library/Developer/CommandLineTools/usr/bin/make -f CMakeFiles/cmTC_92972.dir/build.make CMakeFiles/cmTC_92972.dir/build
Building C object CMakeFiles/cmTC_92972.dir/CheckIncludeFile.c.o
/Library/Developer/CommandLineTools/usr/bin/cc    -o CMakeFiles/cmTC_92972.dir/CheckIncludeFile.c.o   -c /Users/chenyao/Documents/GitHub/beetles-carcar/build/CMakeFiles/CMakeTmp/CheckIncludeFile.c
Linking C executable cmTC_92972
/Library/Python/2.7/site-packages/cmake/data/CMake.app/Contents/bin/cmake -E cmake_link_script CMakeFiles/cmTC_92972.dir/link.txt --verbose=1
/Library/Developer/CommandLineTools/usr/bin/cc   -Wl,-search_paths_first -Wl,-headerpad_max_install_names   CMakeFiles/cmTC_92972.dir/CheckIncludeFile.c.o  -o cmTC_92972 


Determining if the include file string.h exists passed with the following output:
Change Dir: /Users/chenyao/Documents/GitHub/beetles-carcar/build/CMakeFiles/CMakeTmp

Run Build Command:"/usr/bin/make" "cmTC_4b52e/fast"
/Library/Developer/CommandLineTools/usr/bin/make -f CMakeFiles/cmTC_4b52e.dir/build.make CMakeFiles/cmTC_4b52e.dir/build
Building C object CMakeFiles/cmTC_4b52e.dir/CheckIncludeFile.c.o
/Library/Developer/CommandLineTools/usr/bin/cc    -o CMakeFiles/cmTC_4b52e.dir/CheckIncludeFile.c.o   -c /Users/chenyao/Documents/GitHub/beetles-carcar/build/CMakeFiles/CMakeTmp/CheckIncludeFile.c
Linking C executable cmTC_4b52e
/Library/Python/2.7/site-packages/cmake/data/CMake.app/Contents/bin/cmake -E cmake_link_script CMakeFiles/cmTC_4b52e.dir/link.txt --verbose=1
/Library/Developer/CommandLineTools/usr/bin/cc   -Wl,-search_paths_first -Wl,-headerpad_max_install_names   CMakeFiles/cmTC_4b52e.dir/CheckIncludeFile.c.o  -o cmTC_4b52e 


Determining if the include file strings.h exists passed with the following output:
Change Dir: /Users/chenyao/Documents/GitHub/beetles-carcar/build/CMakeFiles/CMakeTmp

Run Build Command:"/usr/bin/make" "cmTC_3a882/fast"
/Library/Developer/CommandLineTools/usr/bin/make -f CMakeFiles/cmTC_3a882.dir/build.make CMakeFiles/cmTC_3a882.dir/build
Building C object CMakeFiles/cmTC_3a882.dir/CheckIncludeFile.c.o
/Library/Developer/CommandLineTools/usr/bin/cc    -o CMakeFiles/cmTC_3a882.dir/CheckIncludeFile.c.o   -c /Users/chenyao/Documents/GitHub/beetles-carcar/build/CMakeFiles/CMakeTmp/CheckIncludeFile.c
Linking C executable cmTC_3a882
/Library/Python/2.7/site-packages/cmake/data/CMake.app/Contents/bin/cmake -E cmake_link_script CMakeFiles/cmTC_3a882.dir/link.txt --verbose=1
/Library/Developer/CommandLineTools/usr/bin/cc   -Wl,-search_paths_first -Wl,-headerpad_max_install_names   CMakeFiles/cmTC_3a882.dir/CheckIncludeFile.c.o  -o cmTC_3a882 


Determining if the include file sys/stat.h exists passed with the following output:
Change Dir: /Users/chenyao/Documents/GitHub/beetles-carcar/build/CMakeFiles/CMakeTmp

Run Build Command:"/usr/bin/make" "cmTC_ed52c/fast"
/Library/Developer/CommandLineTools/usr/bin/make -f CMakeFiles/cmTC_ed52c.dir/build.make CMakeFiles/cmTC_ed52c.dir/build
Building C object CMakeFiles/cmTC_ed52c.dir/CheckIncludeFile.c.o
/Library/Developer/CommandLineTools/usr/bin/cc    -o CMakeFiles/cmTC_ed52c.dir/CheckIncludeFile.c.o   -c /Users/chenyao/Documents/GitHub/beetles-carcar/build/CMakeFiles/CMakeTmp/CheckIncludeFile.c
Linking C executable cmTC_ed52c
/Library/Python/2.7/site-packages/cmake/data/CMake.app/Contents/bin/cmake -E cmake_link_script CMakeFiles/cmTC_ed52c.dir/link.txt --verbose=1
/Library/Developer/CommandLineTools/usr/bin/cc   -Wl,-search_paths_first -Wl,-headerpad_max_install_names   CMakeFiles/cmTC_ed52c.dir/CheckIncludeFile.c.o  -o cmTC_ed52c 


Determining if the include file sys/syscall.h exists passed with the following output:
Change Dir: /Users/chenyao/Documents/GitHub/beetles-carcar/build/CMakeFiles/CMakeTmp

Run Build Command:"/usr/bin/make" "cmTC_beca3/fast"
/Library/Developer/CommandLineTools/usr/bin/make -f CMakeFiles/cmTC_beca3.dir/build.make CMakeFiles/cmTC_beca3.dir/build
Building C object CMakeFiles/cmTC_beca3.dir/CheckIncludeFile.c.o
/Library/Developer/CommandLineTools/usr/bin/cc    -o CMakeFiles/cmTC_beca3.dir/CheckIncludeFile.c.o   -c /Users/chenyao/Documents/GitHub/beetles-carcar/build/CMakeFiles/CMakeTmp/CheckIncludeFile.c
Linking C executable cmTC_beca3
/Library/Python/2.7/site-packages/cmake/data/CMake.app/Contents/bin/cmake -E cmake_link_script CMakeFiles/cmTC_beca3.dir/link.txt --verbose=1
/Library/Developer/CommandLineTools/usr/bin/cc   -Wl,-search_paths_first -Wl,-headerpad_max_install_names   CMakeFiles/cmTC_beca3.dir/CheckIncludeFile.c.o  -o cmTC_beca3 


Determining if the include file sys/time.h exists passed with the following output:
Change Dir: /Users/chenyao/Documents/GitHub/beetles-carcar/build/CMakeFiles/CMakeTmp

Run Build Command:"/usr/bin/make" "cmTC_829f7/fast"
/Library/Developer/CommandLineTools/usr/bin/make -f CMakeFiles/cmTC_829f7.dir/build.make CMakeFiles/cmTC_829f7.dir/build
Building C object CMakeFiles/cmTC_829f7.dir/CheckIncludeFile.c.o
/Library/Developer/CommandLineTools/usr/bin/cc    -o CMakeFiles/cmTC_829f7.dir/CheckIncludeFile.c.o   -c /Users/chenyao/Documents/GitHub/beetles-carcar/build/CMakeFiles/CMakeTmp/CheckIncludeFile.c
Linking C executable cmTC_829f7
/Library/Python/2.7/site-packages/cmake/data/CMake.app/Contents/bin/cmake -E cmake_link_script CMakeFiles/cmTC_829f7.dir/link.txt --verbose=1
/Library/Developer/CommandLineTools/usr/bin/cc   -Wl,-search_paths_first -Wl,-headerpad_max_install_names   CMakeFiles/cmTC_829f7.dir/CheckIncludeFile.c.o  -o cmTC_829f7 


Determining if the include file sys/types.h exists passed with the following output:
Change Dir: /Users/chenyao/Documents/GitHub/beetles-carcar/build/CMakeFiles/CMakeTmp

Run Build Command:"/usr/bin/make" "cmTC_ab61d/fast"
/Library/Developer/CommandLineTools/usr/bin/make -f CMakeFiles/cmTC_ab61d.dir/build.make CMakeFiles/cmTC_ab61d.dir/build
Building C object CMakeFiles/cmTC_ab61d.dir/CheckIncludeFile.c.o
/Library/Developer/CommandLineTools/usr/bin/cc    -o CMakeFiles/cmTC_ab61d.dir/CheckIncludeFile.c.o   -c /Users/chenyao/Documents/GitHub/beetles-carcar/build/CMakeFiles/CMakeTmp/CheckIncludeFile.c
Linking C executable cmTC_ab61d
/Library/Python/2.7/site-packages/cmake/data/CMake.app/Contents/bin/cmake -E cmake_link_script CMakeFiles/cmTC_ab61d.dir/link.txt --verbose=1
/Library/Developer/CommandLineTools/usr/bin/cc   -Wl,-search_paths_first -Wl,-headerpad_max_install_names   CMakeFiles/cmTC_ab61d.dir/CheckIncludeFile.c.o  -o cmTC_ab61d 


Determining if the include file sys/utsname.h exists passed with the following output:
Change Dir: /Users/chenyao/Documents/GitHub/beetles-carcar/build/CMakeFiles/CMakeTmp

Run Build Command:"/usr/bin/make" "cmTC_afc83/fast"
/Library/Developer/CommandLineTools/usr/bin/make -f CMakeFiles/cmTC_afc83.dir/build.make CMakeFiles/cmTC_afc83.dir/build
Building C object CMakeFiles/cmTC_afc83.dir/CheckIncludeFile.c.o
/Library/Developer/CommandLineTools/usr/bin/cc    -o CMakeFiles/cmTC_afc83.dir/CheckIncludeFile.c.o   -c /Users/chenyao/Documents/GitHub/beetles-carcar/build/CMakeFiles/CMakeTmp/CheckIncludeFile.c
Linking C executable cmTC_afc83
/Library/Python/2.7/site-packages/cmake/data/CMake.app/Contents/bin/cmake -E cmake_link_script CMakeFiles/cmTC_afc83.dir/link.txt --verbose=1
/Library/Developer/CommandLineTools/usr/bin/cc   -Wl,-search_paths_first -Wl,-headerpad_max_install_names   CMakeFiles/cmTC_afc83.dir/CheckIncludeFile.c.o  -o cmTC_afc83 


Determining if the include file syslog.h exists passed with the following output:
Change Dir: /Users/chenyao/Documents/GitHub/beetles-carcar/build/CMakeFiles/CMakeTmp

Run Build Command:"/usr/bin/make" "cmTC_78bc9/fast"
/Library/Developer/CommandLineTools/usr/bin/make -f CMakeFiles/cmTC_78bc9.dir/build.make CMakeFiles/cmTC_78bc9.dir/build
Building C object CMakeFiles/cmTC_78bc9.dir/CheckIncludeFile.c.o
/Library/Developer/CommandLineTools/usr/bin/cc    -o CMakeFiles/cmTC_78bc9.dir/CheckIncludeFile.c.o   -c /Users/chenyao/Documents/GitHub/beetles-carcar/build/CMakeFiles/CMakeTmp/CheckIncludeFile.c
Linking C executable cmTC_78bc9
/Library/Python/2.7/site-packages/cmake/data/CMake.app/Contents/bin/cmake -E cmake_link_script CMakeFiles/cmTC_78bc9.dir/link.txt --verbose=1
/Library/Developer/CommandLineTools/usr/bin/cc   -Wl,-search_paths_first -Wl,-headerpad_max_install_names   CMakeFiles/cmTC_78bc9.dir/CheckIncludeFile.c.o  -o cmTC_78bc9 


Determining if the include file unistd.h exists passed with the following output:
Change Dir: /Users/chenyao/Documents/GitHub/beetles-carcar/build/CMakeFiles/CMakeTmp

Run Build Command:"/usr/bin/make" "cmTC_30324/fast"
/Library/Developer/CommandLineTools/usr/bin/make -f CMakeFiles/cmTC_30324.dir/build.make CMakeFiles/cmTC_30324.dir/build
Building C object CMakeFiles/cmTC_30324.dir/CheckIncludeFile.c.o
/Library/Developer/CommandLineTools/usr/bin/cc    -o CMakeFiles/cmTC_30324.dir/CheckIncludeFile.c.o   -c /Users/chenyao/Documents/GitHub/beetles-carcar/build/CMakeFiles/CMakeTmp/CheckIncludeFile.c
Linking C executable cmTC_30324
/Library/Python/2.7/site-packages/cmake/data/CMake.app/Contents/bin/cmake -E cmake_link_script CMakeFiles/cmTC_30324.dir/link.txt --verbose=1
/Library/Developer/CommandLineTools/usr/bin/cc   -Wl,-search_paths_first -Wl,-headerpad_max_install_names   CMakeFiles/cmTC_30324.dir/CheckIncludeFile.c.o  -o cmTC_30324 


Determining if the include file unwind.h exists passed with the following output:
Change Dir: /Users/chenyao/Documents/GitHub/beetles-carcar/build/CMakeFiles/CMakeTmp

Run Build Command:"/usr/bin/make" "cmTC_a0450/fast"
/Library/Developer/CommandLineTools/usr/bin/make -f CMakeFiles/cmTC_a0450.dir/build.make CMakeFiles/cmTC_a0450.dir/build
Building C object CMakeFiles/cmTC_a0450.dir/CheckIncludeFile.c.o
/Library/Developer/CommandLineTools/usr/bin/cc    -o CMakeFiles/cmTC_a0450.dir/CheckIncludeFile.c.o   -c /Users/chenyao/Documents/GitHub/beetles-carcar/build/CMakeFiles/CMakeTmp/CheckIncludeFile.c
Linking C executable cmTC_a0450
/Library/Python/2.7/site-packages/cmake/data/CMake.app/Contents/bin/cmake -E cmake_link_script CMakeFiles/cmTC_a0450.dir/link.txt --verbose=1
/Library/Developer/CommandLineTools/usr/bin/cc   -Wl,-search_paths_first -Wl,-headerpad_max_install_names   CMakeFiles/cmTC_a0450.dir/CheckIncludeFile.c.o  -o cmTC_a0450 


Determining if the include file ext/hash_map exists passed with the following output:
Change Dir: /Users/chenyao/Documents/GitHub/beetles-carcar/build/CMakeFiles/CMakeTmp

Run Build Command:"/usr/bin/make" "cmTC_fa8d3/fast"
/Library/Developer/CommandLineTools/usr/bin/make -f CMakeFiles/cmTC_fa8d3.dir/build.make CMakeFiles/cmTC_fa8d3.dir/build
Building CXX object CMakeFiles/cmTC_fa8d3.dir/CheckIncludeFile.cxx.o
/Library/Developer/CommandLineTools/usr/bin/c++    -std=c++11 -Wno-deprecated-register    -o CMakeFiles/cmTC_fa8d3.dir/CheckIncludeFile.cxx.o -c /Users/chenyao/Documents/GitHub/beetles-carcar/build/CMakeFiles/CMakeTmp/CheckIncludeFile.cxx
In file included from /Users/chenyao/Documents/GitHub/beetles-carcar/build/CMakeFiles/CMakeTmp/CheckIncludeFile.cxx:1:
/Library/Developer/CommandLineTools/usr/include/c++/v1/ext/hash_map:213:5: warning: Use of the header <ext/hash_map> is deprecated.  Migrate to <unordered_map> [-W#warnings]
#   warning Use of the header <ext/hash_map> is deprecated.  Migrate to <unordered_map>
    ^
1 warning generated.
Linking CXX executable cmTC_fa8d3
/Library/Python/2.7/site-packages/cmake/data/CMake.app/Contents/bin/cmake -E cmake_link_script CMakeFiles/cmTC_fa8d3.dir/link.txt --verbose=1
/Library/Developer/CommandLineTools/usr/bin/c++   -std=c++11 -Wno-deprecated-register  -Wl,-search_paths_first -Wl,-headerpad_max_install_names   CMakeFiles/cmTC_fa8d3.dir/CheckIncludeFile.cxx.o  -o cmTC_fa8d3 


Determining if the include file ext/hash_set exists passed with the following output:
Change Dir: /Users/chenyao/Documents/GitHub/beetles-carcar/build/CMakeFiles/CMakeTmp

Run Build Command:"/usr/bin/make" "cmTC_62de8/fast"
/Library/Developer/CommandLineTools/usr/bin/make -f CMakeFiles/cmTC_62de8.dir/build.make CMakeFiles/cmTC_62de8.dir/build
Building CXX object CMakeFiles/cmTC_62de8.dir/CheckIncludeFile.cxx.o
/Library/Developer/CommandLineTools/usr/bin/c++    -std=c++11 -Wno-deprecated-register    -o CMakeFiles/cmTC_62de8.dir/CheckIncludeFile.cxx.o -c /Users/chenyao/Documents/GitHub/beetles-carcar/build/CMakeFiles/CMakeTmp/CheckIncludeFile.cxx
In file included from /Users/chenyao/Documents/GitHub/beetles-carcar/build/CMakeFiles/CMakeTmp/CheckIncludeFile.cxx:1:
/Library/Developer/CommandLineTools/usr/include/c++/v1/ext/hash_set:205:5: warning: Use of the header <ext/hash_set> is deprecated.  Migrate to <unordered_set> [-W#warnings]
#   warning Use of the header <ext/hash_set> is deprecated.  Migrate to <unordered_set>
    ^
1 warning generated.
Linking CXX executable cmTC_62de8
/Library/Python/2.7/site-packages/cmake/data/CMake.app/Contents/bin/cmake -E cmake_link_script CMakeFiles/cmTC_62de8.dir/link.txt --verbose=1
/Library/Developer/CommandLineTools/usr/bin/c++   -std=c++11 -Wno-deprecated-register  -Wl,-search_paths_first -Wl,-headerpad_max_install_names   CMakeFiles/cmTC_62de8.dir/CheckIncludeFile.cxx.o  -o cmTC_62de8 


Determining if the include file unordered_map exists passed with the following output:
Change Dir: /Users/chenyao/Documents/GitHub/beetles-carcar/build/CMakeFiles/CMakeTmp

Run Build Command:"/usr/bin/make" "cmTC_3a43b/fast"
/Library/Developer/CommandLineTools/usr/bin/make -f CMakeFiles/cmTC_3a43b.dir/build.make CMakeFiles/cmTC_3a43b.dir/build
Building CXX object CMakeFiles/cmTC_3a43b.dir/CheckIncludeFile.cxx.o
/Library/Developer/CommandLineTools/usr/bin/c++    -std=c++11 -Wno-deprecated-register    -o CMakeFiles/cmTC_3a43b.dir/CheckIncludeFile.cxx.o -c /Users/chenyao/Documents/GitHub/beetles-carcar/build/CMakeFiles/CMakeTmp/CheckIncludeFile.cxx
Linking CXX executable cmTC_3a43b
/Library/Python/2.7/site-packages/cmake/data/CMake.app/Contents/bin/cmake -E cmake_link_script CMakeFiles/cmTC_3a43b.dir/link.txt --verbose=1
/Library/Developer/CommandLineTools/usr/bin/c++   -std=c++11 -Wno-deprecated-register  -Wl,-search_paths_first -Wl,-headerpad_max_install_names   CMakeFiles/cmTC_3a43b.dir/CheckIncludeFile.cxx.o  -o cmTC_3a43b 


Determining if the include file unordered_set exists passed with the following output:
Change Dir: /Users/chenyao/Documents/GitHub/beetles-carcar/build/CMakeFiles/CMakeTmp

Run Build Command:"/usr/bin/make" "cmTC_402a5/fast"
/Library/Developer/CommandLineTools/usr/bin/make -f CMakeFiles/cmTC_402a5.dir/build.make CMakeFiles/cmTC_402a5.dir/build
Building CXX object CMakeFiles/cmTC_402a5.dir/CheckIncludeFile.cxx.o
/Library/Developer/CommandLineTools/usr/bin/c++    -std=c++11 -Wno-deprecated-register    -o CMakeFiles/cmTC_402a5.dir/CheckIncludeFile.cxx.o -c /Users/chenyao/Documents/GitHub/beetles-carcar/build/CMakeFiles/CMakeTmp/CheckIncludeFile.cxx
Linking CXX executable cmTC_402a5
/Library/Python/2.7/site-packages/cmake/data/CMake.app/Contents/bin/cmake -E cmake_link_script CMakeFiles/cmTC_402a5.dir/link.txt --verbose=1
/Library/Developer/CommandLineTools/usr/bin/c++   -std=c++11 -Wno-deprecated-register  -Wl,-search_paths_first -Wl,-headerpad_max_install_names   CMakeFiles/cmTC_402a5.dir/CheckIncludeFile.cxx.o  -o cmTC_402a5 


Determining if the include file stddef.h exists passed with the following output:
Change Dir: /Users/chenyao/Documents/GitHub/beetles-carcar/build/CMakeFiles/CMakeTmp

Run Build Command:"/usr/bin/make" "cmTC_99bb3/fast"
/Library/Developer/CommandLineTools/usr/bin/make -f CMakeFiles/cmTC_99bb3.dir/build.make CMakeFiles/cmTC_99bb3.dir/build
Building C object CMakeFiles/cmTC_99bb3.dir/CheckIncludeFile.c.o
/Library/Developer/CommandLineTools/usr/bin/cc    -o CMakeFiles/cmTC_99bb3.dir/CheckIncludeFile.c.o   -c /Users/chenyao/Documents/GitHub/beetles-carcar/build/CMakeFiles/CMakeTmp/CheckIncludeFile.c
Linking C executable cmTC_99bb3
/Library/Python/2.7/site-packages/cmake/data/CMake.app/Contents/bin/cmake -E cmake_link_script CMakeFiles/cmTC_99bb3.dir/link.txt --verbose=1
/Library/Developer/CommandLineTools/usr/bin/cc   -Wl,-search_paths_first -Wl,-headerpad_max_install_names   CMakeFiles/cmTC_99bb3.dir/CheckIncludeFile.c.o  -o cmTC_99bb3 


Determining size of u_int16_t passed with the following output:
Change Dir: /Users/chenyao/Documents/GitHub/beetles-carcar/build/CMakeFiles/CMakeTmp

Run Build Command:"/usr/bin/make" "cmTC_74d92/fast"
/Library/Developer/CommandLineTools/usr/bin/make -f CMakeFiles/cmTC_74d92.dir/build.make CMakeFiles/cmTC_74d92.dir/build
Building C object CMakeFiles/cmTC_74d92.dir/HAVE_U_INT16_T.c.o
/Library/Developer/CommandLineTools/usr/bin/cc    -o CMakeFiles/cmTC_74d92.dir/HAVE_U_INT16_T.c.o   -c /Users/chenyao/Documents/GitHub/beetles-carcar/build/CMakeFiles/CheckTypeSize/HAVE_U_INT16_T.c
Linking C executable cmTC_74d92
/Library/Python/2.7/site-packages/cmake/data/CMake.app/Contents/bin/cmake -E cmake_link_script CMakeFiles/cmTC_74d92.dir/link.txt --verbose=1
/Library/Developer/CommandLineTools/usr/bin/cc   -Wl,-search_paths_first -Wl,-headerpad_max_install_names   CMakeFiles/cmTC_74d92.dir/HAVE_U_INT16_T.c.o  -o cmTC_74d92 


Determining size of uint16_t passed with the following output:
Change Dir: /Users/chenyao/Documents/GitHub/beetles-carcar/build/CMakeFiles/CMakeTmp

Run Build Command:"/usr/bin/make" "cmTC_d2467/fast"
/Library/Developer/CommandLineTools/usr/bin/make -f CMakeFiles/cmTC_d2467.dir/build.make CMakeFiles/cmTC_d2467.dir/build
Building C object CMakeFiles/cmTC_d2467.dir/HAVE_UINT16_T.c.o
/Library/Developer/CommandLineTools/usr/bin/cc    -o CMakeFiles/cmTC_d2467.dir/HAVE_UINT16_T.c.o   -c /Users/chenyao/Documents/GitHub/beetles-carcar/build/CMakeFiles/CheckTypeSize/HAVE_UINT16_T.c
Linking C executable cmTC_d2467
/Library/Python/2.7/site-packages/cmake/data/CMake.app/Contents/bin/cmake -E cmake_link_script CMakeFiles/cmTC_d2467.dir/link.txt --verbose=1
/Library/Developer/CommandLineTools/usr/bin/cc   -Wl,-search_paths_first -Wl,-headerpad_max_install_names   CMakeFiles/cmTC_d2467.dir/HAVE_UINT16_T.c.o  -o cmTC_d2467 


Determining if the function dladdr exists passed with the following output:
Change Dir: /Users/chenyao/Documents/GitHub/beetles-carcar/build/CMakeFiles/CMakeTmp

Run Build Command:"/usr/bin/make" "cmTC_31e6e/fast"
/Library/Developer/CommandLineTools/usr/bin/make -f CMakeFiles/cmTC_31e6e.dir/build.make CMakeFiles/cmTC_31e6e.dir/build
Building C object CMakeFiles/cmTC_31e6e.dir/CheckFunctionExists.c.o
/Library/Developer/CommandLineTools/usr/bin/cc   -DCHECK_FUNCTION_EXISTS=dladdr   -o CMakeFiles/cmTC_31e6e.dir/CheckFunctionExists.c.o   -c /Library/Python/2.7/site-packages/cmake/data/CMake.app/Contents/share/cmake-3.10/Modules/CheckFunctionExists.c
Linking C executable cmTC_31e6e
/Library/Python/2.7/site-packages/cmake/data/CMake.app/Contents/bin/cmake -E cmake_link_script CMakeFiles/cmTC_31e6e.dir/link.txt --verbose=1
/Library/Developer/CommandLineTools/usr/bin/cc  -DCHECK_FUNCTION_EXISTS=dladdr -Wl,-search_paths_first -Wl,-headerpad_max_install_names   CMakeFiles/cmTC_31e6e.dir/CheckFunctionExists.c.o  -o cmTC_31e6e 


Determining if the function fcntl exists passed with the following output:
Change Dir: /Users/chenyao/Documents/GitHub/beetles-carcar/build/CMakeFiles/CMakeTmp

Run Build Command:"/usr/bin/make" "cmTC_9e597/fast"
/Library/Developer/CommandLineTools/usr/bin/make -f CMakeFiles/cmTC_9e597.dir/build.make CMakeFiles/cmTC_9e597.dir/build
Building C object CMakeFiles/cmTC_9e597.dir/CheckFunctionExists.c.o
/Library/Developer/CommandLineTools/usr/bin/cc   -DCHECK_FUNCTION_EXISTS=fcntl   -o CMakeFiles/cmTC_9e597.dir/CheckFunctionExists.c.o   -c /Library/Python/2.7/site-packages/cmake/data/CMake.app/Contents/share/cmake-3.10/Modules/CheckFunctionExists.c
Linking C executable cmTC_9e597
/Library/Python/2.7/site-packages/cmake/data/CMake.app/Contents/bin/cmake -E cmake_link_script CMakeFiles/cmTC_9e597.dir/link.txt --verbose=1
/Library/Developer/CommandLineTools/usr/bin/cc  -DCHECK_FUNCTION_EXISTS=fcntl -Wl,-search_paths_first -Wl,-headerpad_max_install_names   CMakeFiles/cmTC_9e597.dir/CheckFunctionExists.c.o  -o cmTC_9e597 


Determining if the function pread exists passed with the following output:
Change Dir: /Users/chenyao/Documents/GitHub/beetles-carcar/build/CMakeFiles/CMakeTmp

Run Build Command:"/usr/bin/make" "cmTC_0e7d9/fast"
/Library/Developer/CommandLineTools/usr/bin/make -f CMakeFiles/cmTC_0e7d9.dir/build.make CMakeFiles/cmTC_0e7d9.dir/build
Building C object CMakeFiles/cmTC_0e7d9.dir/CheckFunctionExists.c.o
/Library/Developer/CommandLineTools/usr/bin/cc   -DCHECK_FUNCTION_EXISTS=pread   -o CMakeFiles/cmTC_0e7d9.dir/CheckFunctionExists.c.o   -c /Library/Python/2.7/site-packages/cmake/data/CMake.app/Contents/share/cmake-3.10/Modules/CheckFunctionExists.c
Linking C executable cmTC_0e7d9
/Library/Python/2.7/site-packages/cmake/data/CMake.app/Contents/bin/cmake -E cmake_link_script CMakeFiles/cmTC_0e7d9.dir/link.txt --verbose=1
/Library/Developer/CommandLineTools/usr/bin/cc  -DCHECK_FUNCTION_EXISTS=pread -Wl,-search_paths_first -Wl,-headerpad_max_install_names   CMakeFiles/cmTC_0e7d9.dir/CheckFunctionExists.c.o  -o cmTC_0e7d9 


Determining if the function pwrite exists passed with the following output:
Change Dir: /Users/chenyao/Documents/GitHub/beetles-carcar/build/CMakeFiles/CMakeTmp

Run Build Command:"/usr/bin/make" "cmTC_15e27/fast"
/Library/Developer/CommandLineTools/usr/bin/make -f CMakeFiles/cmTC_15e27.dir/build.make CMakeFiles/cmTC_15e27.dir/build
Building C object CMakeFiles/cmTC_15e27.dir/CheckFunctionExists.c.o
/Library/Developer/CommandLineTools/usr/bin/cc   -DCHECK_FUNCTION_EXISTS=pwrite   -o CMakeFiles/cmTC_15e27.dir/CheckFunctionExists.c.o   -c /Library/Python/2.7/site-packages/cmake/data/CMake.app/Contents/share/cmake-3.10/Modules/CheckFunctionExists.c
Linking C executable cmTC_15e27
/Library/Python/2.7/site-packages/cmake/data/CMake.app/Contents/bin/cmake -E cmake_link_script CMakeFiles/cmTC_15e27.dir/link.txt --verbose=1
/Library/Developer/CommandLineTools/usr/bin/cc  -DCHECK_FUNCTION_EXISTS=pwrite -Wl,-search_paths_first -Wl,-headerpad_max_install_names   CMakeFiles/cmTC_15e27.dir/CheckFunctionExists.c.o  -o cmTC_15e27 


Determining if the function sigaction exists passed with the following output:
Change Dir: /Users/chenyao/Documents/GitHub/beetles-carcar/build/CMakeFiles/CMakeTmp

Run Build Command:"/usr/bin/make" "cmTC_edf2f/fast"
/Library/Developer/CommandLineTools/usr/bin/make -f CMakeFiles/cmTC_edf2f.dir/build.make CMakeFiles/cmTC_edf2f.dir/build
Building C object CMakeFiles/cmTC_edf2f.dir/CheckFunctionExists.c.o
/Library/Developer/CommandLineTools/usr/bin/cc   -DCHECK_FUNCTION_EXISTS=sigaction   -o CMakeFiles/cmTC_edf2f.dir/CheckFunctionExists.c.o   -c /Library/Python/2.7/site-packages/cmake/data/CMake.app/Contents/share/cmake-3.10/Modules/CheckFunctionExists.c
Linking C executable cmTC_edf2f
/Library/Python/2.7/site-packages/cmake/data/CMake.app/Contents/bin/cmake -E cmake_link_script CMakeFiles/cmTC_edf2f.dir/link.txt --verbose=1
/Library/Developer/CommandLineTools/usr/bin/cc  -DCHECK_FUNCTION_EXISTS=sigaction -Wl,-search_paths_first -Wl,-headerpad_max_install_names   CMakeFiles/cmTC_edf2f.dir/CheckFunctionExists.c.o  -o cmTC_edf2f 


Determining if the function sigaltstack exists passed with the following output:
Change Dir: /Users/chenyao/Documents/GitHub/beetles-carcar/build/CMakeFiles/CMakeTmp

Run Build Command:"/usr/bin/make" "cmTC_bd654/fast"
/Library/Developer/CommandLineTools/usr/bin/make -f CMakeFiles/cmTC_bd654.dir/build.make CMakeFiles/cmTC_bd654.dir/build
Building C object CMakeFiles/cmTC_bd654.dir/CheckFunctionExists.c.o
/Library/Developer/CommandLineTools/usr/bin/cc   -DCHECK_FUNCTION_EXISTS=sigaltstack   -o CMakeFiles/cmTC_bd654.dir/CheckFunctionExists.c.o   -c /Library/Python/2.7/site-packages/cmake/data/CMake.app/Contents/share/cmake-3.10/Modules/CheckFunctionExists.c
Linking C executable cmTC_bd654
/Library/Python/2.7/site-packages/cmake/data/CMake.app/Contents/bin/cmake -E cmake_link_script CMakeFiles/cmTC_bd654.dir/link.txt --verbose=1
/Library/Developer/CommandLineTools/usr/bin/cc  -DCHECK_FUNCTION_EXISTS=sigaltstack -Wl,-search_paths_first -Wl,-headerpad_max_install_names   CMakeFiles/cmTC_bd654.dir/CheckFunctionExists.c.o  -o cmTC_bd654 


Performing C++ SOURCE FILE Test HAVE_NO_DEPRECATED succeeded with the following output:
Change Dir: /Users/chenyao/Documents/GitHub/beetles-carcar/build/CMakeFiles/CMakeTmp

Run Build Command:"/usr/bin/make" "cmTC_ed74e/fast"
/Library/Developer/CommandLineTools/usr/bin/make -f CMakeFiles/cmTC_ed74e.dir/build.make CMakeFiles/cmTC_ed74e.dir/build
Building CXX object CMakeFiles/cmTC_ed74e.dir/src.cxx.o
/Library/Developer/CommandLineTools/usr/bin/c++    -std=c++11 -Wno-deprecated-register -DHAVE_NO_DEPRECATED   -Wno-deprecated -o CMakeFiles/cmTC_ed74e.dir/src.cxx.o -c /Users/chenyao/Documents/GitHub/beetles-carcar/build/CMakeFiles/CMakeTmp/src.cxx
Linking CXX executable cmTC_ed74e
/Library/Python/2.7/site-packages/cmake/data/CMake.app/Contents/bin/cmake -E cmake_link_script CMakeFiles/cmTC_ed74e.dir/link.txt --verbose=1
/Library/Developer/CommandLineTools/usr/bin/c++   -std=c++11 -Wno-deprecated-register -DHAVE_NO_DEPRECATED -Wl,-search_paths_first -Wl,-headerpad_max_install_names   CMakeFiles/cmTC_ed74e.dir/src.cxx.o  -o cmTC_ed74e 

Source file was:
int main() { return 0; }
Performing C++ SOURCE FILE Test HAVE_NO_UNNAMED_TYPE_TEMPLATE_ARGS succeeded with the following output:
Change Dir: /Users/chenyao/Documents/GitHub/beetles-carcar/build/CMakeFiles/CMakeTmp

Run Build Command:"/usr/bin/make" "cmTC_ef7ea/fast"
/Library/Developer/CommandLineTools/usr/bin/make -f CMakeFiles/cmTC_ef7ea.dir/build.make CMakeFiles/cmTC_ef7ea.dir/build
Building CXX object CMakeFiles/cmTC_ef7ea.dir/src.cxx.o
/Library/Developer/CommandLineTools/usr/bin/c++    -std=c++11 -Wno-deprecated-register -DHAVE_NO_UNNAMED_TYPE_TEMPLATE_ARGS   -Wno-unnamed-type-template-args -o CMakeFiles/cmTC_ef7ea.dir/src.cxx.o -c /Users/chenyao/Documents/GitHub/beetles-carcar/build/CMakeFiles/CMakeTmp/src.cxx
Linking CXX executable cmTC_ef7ea
/Library/Python/2.7/site-packages/cmake/data/CMake.app/Contents/bin/cmake -E cmake_link_script CMakeFiles/cmTC_ef7ea.dir/link.txt --verbose=1
/Library/Developer/CommandLineTools/usr/bin/c++   -std=c++11 -Wno-deprecated-register -DHAVE_NO_UNNAMED_TYPE_TEMPLATE_ARGS -Wl,-search_paths_first -Wl,-headerpad_max_install_names   CMakeFiles/cmTC_ef7ea.dir/src.cxx.o  -o cmTC_ef7ea 

Source file was:
int main() { return 0; }
Determining if the snprintf exist passed with the following output:
Change Dir: /Users/chenyao/Documents/GitHub/beetles-carcar/build/CMakeFiles/CMakeTmp

Run Build Command:"/usr/bin/make" "cmTC_d9132/fast"
/Library/Developer/CommandLineTools/usr/bin/make -f CMakeFiles/cmTC_d9132.dir/build.make CMakeFiles/cmTC_d9132.dir/build
Building C object CMakeFiles/cmTC_d9132.dir/CheckSymbolExists.c.o
/Library/Developer/CommandLineTools/usr/bin/cc    -o CMakeFiles/cmTC_d9132.dir/CheckSymbolExists.c.o   -c /Users/chenyao/Documents/GitHub/beetles-carcar/build/CMakeFiles/CMakeTmp/CheckSymbolExists.c
Linking C executable cmTC_d9132
/Library/Python/2.7/site-packages/cmake/data/CMake.app/Contents/bin/cmake -E cmake_link_script CMakeFiles/cmTC_d9132.dir/link.txt --verbose=1
/Library/Developer/CommandLineTools/usr/bin/cc   -Wl,-search_paths_first -Wl,-headerpad_max_install_names   CMakeFiles/cmTC_d9132.dir/CheckSymbolExists.c.o  -o cmTC_d9132 

File /Users/chenyao/Documents/GitHub/beetles-carcar/build/CMakeFiles/CMakeTmp/CheckSymbolExists.c:
/* */
#include <stdio.h>

int main(int argc, char** argv)
{
  (void)argv;
#ifndef snprintf
  return ((int*)(&snprintf))[argc];
#else
  (void)argc;
  return 0;
#endif
}

Performing C SOURCE FILE Test HAVE___ATTRIBUTE__ succeeded with the following output:
Change Dir: /Users/chenyao/Documents/GitHub/beetles-carcar/build/CMakeFiles/CMakeTmp

Run Build Command:"/usr/bin/make" "cmTC_97523/fast"
/Library/Developer/CommandLineTools/usr/bin/make -f CMakeFiles/cmTC_97523.dir/build.make CMakeFiles/cmTC_97523.dir/build
Building C object CMakeFiles/cmTC_97523.dir/src.c.o
/Library/Developer/CommandLineTools/usr/bin/cc   -DHAVE___ATTRIBUTE__   -o CMakeFiles/cmTC_97523.dir/src.c.o   -c /Users/chenyao/Documents/GitHub/beetles-carcar/build/CMakeFiles/CMakeTmp/src.c
Linking C executable cmTC_97523
/Library/Python/2.7/site-packages/cmake/data/CMake.app/Contents/bin/cmake -E cmake_link_script CMakeFiles/cmTC_97523.dir/link.txt --verbose=1
/Library/Developer/CommandLineTools/usr/bin/cc  -DHAVE___ATTRIBUTE__ -Wl,-search_paths_first -Wl,-headerpad_max_install_names   CMakeFiles/cmTC_97523.dir/src.c.o  -o cmTC_97523 

Source file was:

#include <stdlib.h>
static void foo(void) __attribute__ ((unused));
int main(void) { return 0; }

Performing C SOURCE FILE Test HAVE___ATTRIBUTE__VISIBILITY_DEFAULT succeeded with the following output:
Change Dir: /Users/chenyao/Documents/GitHub/beetles-carcar/build/CMakeFiles/CMakeTmp

Run Build Command:"/usr/bin/make" "cmTC_2c6db/fast"
/Library/Developer/CommandLineTools/usr/bin/make -f CMakeFiles/cmTC_2c6db.dir/build.make CMakeFiles/cmTC_2c6db.dir/build
Building C object CMakeFiles/cmTC_2c6db.dir/src.c.o
/Library/Developer/CommandLineTools/usr/bin/cc   -DHAVE___ATTRIBUTE__VISIBILITY_DEFAULT   -o CMakeFiles/cmTC_2c6db.dir/src.c.o   -c /Users/chenyao/Documents/GitHub/beetles-carcar/build/CMakeFiles/CMakeTmp/src.c
Linking C executable cmTC_2c6db
/Library/Python/2.7/site-packages/cmake/data/CMake.app/Contents/bin/cmake -E cmake_link_script CMakeFiles/cmTC_2c6db.dir/link.txt --verbose=1
/Library/Developer/CommandLineTools/usr/bin/cc  -DHAVE___ATTRIBUTE__VISIBILITY_DEFAULT -Wl,-search_paths_first -Wl,-headerpad_max_install_names   CMakeFiles/cmTC_2c6db.dir/src.c.o  -o cmTC_2c6db 

Source file was:

#include <stdlib.h>
static void foo(void) __attribute__ ((visibility("default")));
int main(void) { return 0; }

Performing C SOURCE FILE Test HAVE___ATTRIBUTE__VISIBILITY_HIDDEN succeeded with the following output:
Change Dir: /Users/chenyao/Documents/GitHub/beetles-carcar/build/CMakeFiles/CMakeTmp

Run Build Command:"/usr/bin/make" "cmTC_ac6d7/fast"
/Library/Developer/CommandLineTools/usr/bin/make -f CMakeFiles/cmTC_ac6d7.dir/build.make CMakeFiles/cmTC_ac6d7.dir/build
Building C object CMakeFiles/cmTC_ac6d7.dir/src.c.o
/Library/Developer/CommandLineTools/usr/bin/cc   -DHAVE___ATTRIBUTE__VISIBILITY_HIDDEN   -o CMakeFiles/cmTC_ac6d7.dir/src.c.o   -c /Users/chenyao/Documents/GitHub/beetles-carcar/build/CMakeFiles/CMakeTmp/src.c
Linking C executable cmTC_ac6d7
/Library/Python/2.7/site-packages/cmake/data/CMake.app/Contents/bin/cmake -E cmake_link_script CMakeFiles/cmTC_ac6d7.dir/link.txt --verbose=1
/Library/Developer/CommandLineTools/usr/bin/cc  -DHAVE___ATTRIBUTE__VISIBILITY_HIDDEN -Wl,-search_paths_first -Wl,-headerpad_max_install_names   CMakeFiles/cmTC_ac6d7.dir/src.c.o  -o cmTC_ac6d7 

Source file was:

#include <stdlib.h>
static void foo(void) __attribute__ ((visibility("hidden")));
int main(void) { return 0; }

Performing C SOURCE FILE Test HAVE___BUILTIN_EXPECT succeeded with the following output:
Change Dir: /Users/chenyao/Documents/GitHub/beetles-carcar/build/CMakeFiles/CMakeTmp

Run Build Command:"/usr/bin/make" "cmTC_3d19d/fast"
/Library/Developer/CommandLineTools/usr/bin/make -f CMakeFiles/cmTC_3d19d.dir/build.make CMakeFiles/cmTC_3d19d.dir/build
Building C object CMakeFiles/cmTC_3d19d.dir/src.c.o
/Library/Developer/CommandLineTools/usr/bin/cc   -DHAVE___BUILTIN_EXPECT   -o CMakeFiles/cmTC_3d19d.dir/src.c.o   -c /Users/chenyao/Documents/GitHub/beetles-carcar/build/CMakeFiles/CMakeTmp/src.c
Linking C executable cmTC_3d19d
/Library/Python/2.7/site-packages/cmake/data/CMake.app/Contents/bin/cmake -E cmake_link_script CMakeFiles/cmTC_3d19d.dir/link.txt --verbose=1
/Library/Developer/CommandLineTools/usr/bin/cc  -DHAVE___BUILTIN_EXPECT -Wl,-search_paths_first -Wl,-headerpad_max_install_names   CMakeFiles/cmTC_3d19d.dir/src.c.o  -o cmTC_3d19d 

Source file was:

int main(void) { if (__builtin_expect(0, 0)) return 1; return 0; }

Performing C SOURCE FILE Test HAVE___SYNC_VAL_COMPARE_AND_SWAP succeeded with the following output:
Change Dir: /Users/chenyao/Documents/GitHub/beetles-carcar/build/CMakeFiles/CMakeTmp

Run Build Command:"/usr/bin/make" "cmTC_cdf57/fast"
/Library/Developer/CommandLineTools/usr/bin/make -f CMakeFiles/cmTC_cdf57.dir/build.make CMakeFiles/cmTC_cdf57.dir/build
Building C object CMakeFiles/cmTC_cdf57.dir/src.c.o
/Library/Developer/CommandLineTools/usr/bin/cc   -DHAVE___SYNC_VAL_COMPARE_AND_SWAP   -o CMakeFiles/cmTC_cdf57.dir/src.c.o   -c /Users/chenyao/Documents/GitHub/beetles-carcar/build/CMakeFiles/CMakeTmp/src.c
Linking C executable cmTC_cdf57
/Library/Python/2.7/site-packages/cmake/data/CMake.app/Contents/bin/cmake -E cmake_link_script CMakeFiles/cmTC_cdf57.dir/link.txt --verbose=1
/Library/Developer/CommandLineTools/usr/bin/cc  -DHAVE___SYNC_VAL_COMPARE_AND_SWAP -Wl,-search_paths_first -Wl,-headerpad_max_install_names   CMakeFiles/cmTC_cdf57.dir/src.c.o  -o cmTC_cdf57 

Source file was:

int main(void)
{
  int a; if (__sync_val_compare_and_swap(&a, 0, 1)) return 1; return 0;
}

Performing C SOURCE FILE Test HAVE_RWLOCK succeeded with the following output:
Change Dir: /Users/chenyao/Documents/GitHub/beetles-carcar/build/CMakeFiles/CMakeTmp

Run Build Command:"/usr/bin/make" "cmTC_3259a/fast"
/Library/Developer/CommandLineTools/usr/bin/make -f CMakeFiles/cmTC_3259a.dir/build.make CMakeFiles/cmTC_3259a.dir/build
Building C object CMakeFiles/cmTC_3259a.dir/src.c.o
/Library/Developer/CommandLineTools/usr/bin/cc   -DHAVE_RWLOCK   -o CMakeFiles/cmTC_3259a.dir/src.c.o   -c /Users/chenyao/Documents/GitHub/beetles-carcar/build/CMakeFiles/CMakeTmp/src.c
Linking C executable cmTC_3259a
/Library/Python/2.7/site-packages/cmake/data/CMake.app/Contents/bin/cmake -E cmake_link_script CMakeFiles/cmTC_3259a.dir/link.txt --verbose=1
/Library/Developer/CommandLineTools/usr/bin/cc  -DHAVE_RWLOCK -Wl,-search_paths_first -Wl,-headerpad_max_install_names   CMakeFiles/cmTC_3259a.dir/src.c.o  -o cmTC_3259a 

Source file was:

#define _XOPEN_SOURCE 500
#include <pthread.h>
int main(void)
{
  pthread_rwlock_t l;
  pthread_rwlock_init(&l, NULL);
  pthread_rwlock_rdlock(&l);
  return 0;
}

Performing C++ SOURCE FILE Test STL_STD_NAMESPACE succeeded with the following output:
Change Dir: /Users/chenyao/Documents/GitHub/beetles-carcar/build/CMakeFiles/CMakeTmp

Run Build Command:"/usr/bin/make" "cmTC_76b43/fast"
/Library/Developer/CommandLineTools/usr/bin/make -f CMakeFiles/cmTC_76b43.dir/build.make CMakeFiles/cmTC_76b43.dir/build
Building CXX object CMakeFiles/cmTC_76b43.dir/src.cxx.o
/Library/Developer/CommandLineTools/usr/bin/c++    -std=c++11 -Wno-deprecated-register -DSTL_STD_NAMESPACE   -o CMakeFiles/cmTC_76b43.dir/src.cxx.o -c /Users/chenyao/Documents/GitHub/beetles-carcar/build/CMakeFiles/CMakeTmp/src.cxx
Linking CXX executable cmTC_76b43
/Library/Python/2.7/site-packages/cmake/data/CMake.app/Contents/bin/cmake -E cmake_link_script CMakeFiles/cmTC_76b43.dir/link.txt --verbose=1
/Library/Developer/CommandLineTools/usr/bin/c++   -std=c++11 -Wno-deprecated-register -DSTL_STD_NAMESPACE -Wl,-search_paths_first -Wl,-headerpad_max_install_names   CMakeFiles/cmTC_76b43.dir/src.cxx.o  -o cmTC_76b43 

Source file was:

#include <vector>
std::vector<int> t; int main() { }

Performing C++ SOURCE FILE Test HAVE_USING_OPERATOR succeeded with the following output:
Change Dir: /Users/chenyao/Documents/GitHub/beetles-carcar/build/CMakeFiles/CMakeTmp

Run Build Command:"/usr/bin/make" "cmTC_b4084/fast"
/Library/Developer/CommandLineTools/usr/bin/make -f CMakeFiles/cmTC_b4084.dir/build.make CMakeFiles/cmTC_b4084.dir/build
Building CXX object CMakeFiles/cmTC_b4084.dir/src.cxx.o
/Library/Developer/CommandLineTools/usr/bin/c++    -std=c++11 -Wno-deprecated-register -DHAVE_USING_OPERATOR   -o CMakeFiles/cmTC_b4084.dir/src.cxx.o -c /Users/chenyao/Documents/GitHub/beetles-carcar/build/CMakeFiles/CMakeTmp/src.cxx
Linking CXX executable cmTC_b4084
/Library/Python/2.7/site-packages/cmake/data/CMake.app/Contents/bin/cmake -E cmake_link_script CMakeFiles/cmTC_b4084.dir/link.txt --verbose=1
/Library/Developer/CommandLineTools/usr/bin/c++   -std=c++11 -Wno-deprecated-register -DHAVE_USING_OPERATOR -Wl,-search_paths_first -Wl,-headerpad_max_install_names   CMakeFiles/cmTC_b4084.dir/src.cxx.o  -o cmTC_b4084 

Source file was:

#include <iostream>
std::ostream& operator<<(std::ostream&, struct s);
using ::operator<<;
int main() { }

Performing C++ SOURCE FILE Test HAVE_NAMESPACES succeeded with the following output:
Change Dir: /Users/chenyao/Documents/GitHub/beetles-carcar/build/CMakeFiles/CMakeTmp

Run Build Command:"/usr/bin/make" "cmTC_5fb2d/fast"
/Library/Developer/CommandLineTools/usr/bin/make -f CMakeFiles/cmTC_5fb2d.dir/build.make CMakeFiles/cmTC_5fb2d.dir/build
Building CXX object CMakeFiles/cmTC_5fb2d.dir/src.cxx.o
/Library/Developer/CommandLineTools/usr/bin/c++    -std=c++11 -Wno-deprecated-register -DHAVE_NAMESPACES   -o CMakeFiles/cmTC_5fb2d.dir/src.cxx.o -c /Users/chenyao/Documents/GitHub/beetles-carcar/build/CMakeFiles/CMakeTmp/src.cxx
Linking CXX executable cmTC_5fb2d
/Library/Python/2.7/site-packages/cmake/data/CMake.app/Contents/bin/cmake -E cmake_link_script CMakeFiles/cmTC_5fb2d.dir/link.txt --verbose=1
/Library/Developer/CommandLineTools/usr/bin/c++   -std=c++11 -Wno-deprecated-register -DHAVE_NAMESPACES -Wl,-search_paths_first -Wl,-headerpad_max_install_names   CMakeFiles/cmTC_5fb2d.dir/src.cxx.o  -o cmTC_5fb2d 

Source file was:

namespace Outer { namespace Inner { int i = 0; }}
using namespace Outer::Inner;;
int main() { return i; }

